2023-06-25 14:19: Experiment log path in: ../runs/PEMS04/06-25-14h19m_PEMS04_gode_rnn__embed{10}hid{128}hidhid{128}lyrs{3}lr{0.001}wd{0.001}
2023-06-25 14:19: Train Epoch 1: 0/158 Loss: 157.828049
2023-06-25 14:20: Train Epoch 1: 20/158 Loss: 50.219173
2023-06-25 14:20: Train Epoch 1: 40/158 Loss: 37.066330
2023-06-25 14:20: Train Epoch 1: 60/158 Loss: 31.661726
2023-06-25 14:20: Train Epoch 1: 80/158 Loss: 32.587921
2023-06-25 14:21: Train Epoch 1: 100/158 Loss: 29.842134
2023-06-25 14:21: Train Epoch 1: 120/158 Loss: 35.444767
2023-06-25 14:21: Train Epoch 1: 140/158 Loss: 35.637947
2023-06-25 14:22: **********Train Epoch 1: averaged Loss: 41.964048
2023-06-25 14:22: **********Val Epoch 1: average Loss: 32.299455
2023-06-25 14:22: *********************************Current best model saved!
2023-06-25 14:22: Train Epoch 2: 0/158 Loss: 29.865374
2023-06-25 14:22: Train Epoch 2: 20/158 Loss: 29.854336
2023-06-25 14:22: Train Epoch 2: 40/158 Loss: 34.422157
2023-06-25 14:23: Train Epoch 2: 60/158 Loss: 26.522171
2023-06-25 14:23: Train Epoch 2: 80/158 Loss: 31.639074
2023-06-25 14:23: Train Epoch 2: 100/158 Loss: 29.806984
2023-06-25 14:24: Train Epoch 2: 120/158 Loss: 28.845360
2023-06-25 14:24: Train Epoch 2: 140/158 Loss: 26.528101
2023-06-25 14:24: **********Train Epoch 2: averaged Loss: 28.599063
2023-06-25 14:24: **********Val Epoch 2: average Loss: 28.288581
2023-06-25 14:24: *********************************Current best model saved!
2023-06-25 14:24: Train Epoch 3: 0/158 Loss: 26.107870
2023-06-25 14:25: Train Epoch 3: 20/158 Loss: 29.248497
2023-06-25 14:25: Train Epoch 3: 40/158 Loss: 30.449747
2023-06-25 14:25: Train Epoch 3: 60/158 Loss: 31.608095
2023-06-25 14:25: Train Epoch 3: 80/158 Loss: 27.802738
2023-06-25 14:26: Train Epoch 3: 100/158 Loss: 27.389044
2023-06-25 14:26: Train Epoch 3: 120/158 Loss: 24.687332
2023-06-25 14:26: Train Epoch 3: 140/158 Loss: 27.332447
2023-06-25 14:27: **********Train Epoch 3: averaged Loss: 26.842377
2023-06-25 14:27: **********Val Epoch 3: average Loss: 27.389548
2023-06-25 14:27: *********************************Current best model saved!
2023-06-25 14:27: Train Epoch 4: 0/158 Loss: 26.239992
2023-06-25 14:27: Train Epoch 4: 20/158 Loss: 25.463419
2023-06-25 14:27: Train Epoch 4: 40/158 Loss: 27.169262
2023-06-25 14:28: Train Epoch 4: 60/158 Loss: 25.496357
2023-06-25 14:28: Train Epoch 4: 80/158 Loss: 25.159897
2023-06-25 14:28: Train Epoch 4: 100/158 Loss: 26.528685
2023-06-25 14:28: Train Epoch 4: 120/158 Loss: 26.218920
2023-06-25 14:29: Train Epoch 4: 140/158 Loss: 26.988087
2023-06-25 14:29: **********Train Epoch 4: averaged Loss: 24.790783
2023-06-25 14:29: **********Val Epoch 4: average Loss: 24.795774
2023-06-25 14:29: *********************************Current best model saved!
2023-06-25 14:29: Train Epoch 5: 0/158 Loss: 21.673519
2023-06-25 14:29: Train Epoch 5: 20/158 Loss: 23.495842
2023-06-25 14:30: Train Epoch 5: 40/158 Loss: 24.141823
2023-06-25 14:30: Train Epoch 5: 60/158 Loss: 21.861271
2023-06-25 14:30: Train Epoch 5: 80/158 Loss: 22.545084
2023-06-25 14:31: Train Epoch 5: 100/158 Loss: 22.347797
2023-06-25 14:31: Train Epoch 5: 120/158 Loss: 24.150333
2023-06-25 14:31: Train Epoch 5: 140/158 Loss: 23.472136
2023-06-25 14:31: **********Train Epoch 5: averaged Loss: 23.796530
2023-06-25 14:32: **********Val Epoch 5: average Loss: 24.150623
2023-06-25 14:32: *********************************Current best model saved!
2023-06-25 14:32: Train Epoch 6: 0/158 Loss: 23.756672
2023-06-25 14:32: Train Epoch 6: 20/158 Loss: 26.243565
2023-06-25 14:32: Train Epoch 6: 40/158 Loss: 23.313116
2023-06-25 14:32: Train Epoch 6: 60/158 Loss: 22.927406
2023-06-25 14:33: Train Epoch 6: 80/158 Loss: 23.237837
2023-06-25 14:33: Train Epoch 6: 100/158 Loss: 24.704411
2023-06-25 14:33: Train Epoch 6: 120/158 Loss: 22.970261
2023-06-25 14:34: Train Epoch 6: 140/158 Loss: 24.556246
2023-06-25 14:34: **********Train Epoch 6: averaged Loss: 23.925388
2023-06-25 14:34: **********Val Epoch 6: average Loss: 24.463040
2023-06-25 14:34: Train Epoch 7: 0/158 Loss: 21.631359
2023-06-25 14:34: Train Epoch 7: 20/158 Loss: 22.651194
2023-06-25 14:35: Train Epoch 7: 40/158 Loss: 23.506113
2023-06-25 14:35: Train Epoch 7: 60/158 Loss: 23.380495
2023-06-25 14:35: Train Epoch 7: 80/158 Loss: 22.609638
2023-06-25 14:36: Train Epoch 7: 100/158 Loss: 22.992918
2023-06-25 14:36: Train Epoch 7: 120/158 Loss: 22.782171
2023-06-25 14:36: Train Epoch 7: 140/158 Loss: 22.190151
2023-06-25 14:36: **********Train Epoch 7: averaged Loss: 23.486283
2023-06-25 14:37: **********Val Epoch 7: average Loss: 23.919316
2023-06-25 14:37: *********************************Current best model saved!
2023-06-25 14:37: Train Epoch 8: 0/158 Loss: 22.603153
2023-06-25 14:37: Train Epoch 8: 20/158 Loss: 24.044081
2023-06-25 14:37: Train Epoch 8: 40/158 Loss: 24.158108
2023-06-25 14:37: Train Epoch 8: 60/158 Loss: 20.828817
2023-06-25 14:38: Train Epoch 8: 80/158 Loss: 20.554073
2023-06-25 14:38: Train Epoch 8: 100/158 Loss: 22.321321
2023-06-25 14:38: Train Epoch 8: 120/158 Loss: 22.435894
2023-06-25 14:39: Train Epoch 8: 140/158 Loss: 21.965807
2023-06-25 14:39: **********Train Epoch 8: averaged Loss: 22.849749
2023-06-25 14:39: **********Val Epoch 8: average Loss: 23.473015
2023-06-25 14:39: *********************************Current best model saved!
2023-06-25 14:39: Train Epoch 9: 0/158 Loss: 20.244024
2023-06-25 14:39: Train Epoch 9: 20/158 Loss: 22.604456
2023-06-25 14:40: Train Epoch 9: 40/158 Loss: 22.761999
2023-06-25 14:40: Train Epoch 9: 60/158 Loss: 21.800095
2023-06-25 14:40: Train Epoch 9: 80/158 Loss: 22.532354
2023-06-25 14:40: Train Epoch 9: 100/158 Loss: 22.858545
2023-06-25 14:41: Train Epoch 9: 120/158 Loss: 23.397686
2023-06-25 14:41: Train Epoch 9: 140/158 Loss: 20.869755
2023-06-25 14:41: **********Train Epoch 9: averaged Loss: 22.756941
2023-06-25 14:41: **********Val Epoch 9: average Loss: 24.504793
2023-06-25 14:41: Train Epoch 10: 0/158 Loss: 24.211525
2023-06-25 14:42: Train Epoch 10: 20/158 Loss: 21.599777
2023-06-25 14:42: Train Epoch 10: 40/158 Loss: 23.770588
2023-06-25 14:42: Train Epoch 10: 60/158 Loss: 22.304968
2023-06-25 14:43: Train Epoch 10: 80/158 Loss: 22.444109
2023-06-25 14:43: Train Epoch 10: 100/158 Loss: 23.418530
2023-06-25 14:43: Train Epoch 10: 120/158 Loss: 23.076086
2023-06-25 14:43: Train Epoch 10: 140/158 Loss: 20.788172
2023-06-25 14:44: **********Train Epoch 10: averaged Loss: 22.541883
2023-06-25 14:44: **********Val Epoch 10: average Loss: 23.487204
2023-06-25 14:44: Train Epoch 11: 0/158 Loss: 23.514835
2023-06-25 14:44: Train Epoch 11: 20/158 Loss: 24.517008
2023-06-25 14:44: Train Epoch 11: 40/158 Loss: 21.571678
2023-06-25 14:45: Train Epoch 11: 60/158 Loss: 21.585632
2023-06-25 14:45: Train Epoch 11: 80/158 Loss: 23.800673
2023-06-25 14:45: Train Epoch 11: 100/158 Loss: 21.460169
2023-06-25 14:46: Train Epoch 11: 120/158 Loss: 22.297401
2023-06-25 14:46: Train Epoch 11: 140/158 Loss: 23.532225
2023-06-25 14:46: **********Train Epoch 11: averaged Loss: 22.228576
2023-06-25 14:46: **********Val Epoch 11: average Loss: 22.626668
2023-06-25 14:46: *********************************Current best model saved!
2023-06-25 14:46: Train Epoch 12: 0/158 Loss: 19.895597
2023-06-25 14:47: Train Epoch 12: 20/158 Loss: 22.787243
2023-06-25 14:47: Train Epoch 12: 40/158 Loss: 23.289207
2023-06-25 14:47: Train Epoch 12: 60/158 Loss: 21.474344
2023-06-25 14:47: Train Epoch 12: 80/158 Loss: 22.120251
2023-06-25 14:48: Train Epoch 12: 100/158 Loss: 22.442108
2023-06-25 14:48: Train Epoch 12: 120/158 Loss: 20.578863
2023-06-25 14:48: Train Epoch 12: 140/158 Loss: 24.490133
2023-06-25 14:49: **********Train Epoch 12: averaged Loss: 21.958884
2023-06-25 14:49: **********Val Epoch 12: average Loss: 22.805984
2023-06-25 14:49: Train Epoch 13: 0/158 Loss: 20.245903
2023-06-25 14:49: Train Epoch 13: 20/158 Loss: 20.158369
2023-06-25 14:49: Train Epoch 13: 40/158 Loss: 22.795410
2023-06-25 14:50: Train Epoch 13: 60/158 Loss: 22.224583
2023-06-25 14:50: Train Epoch 13: 80/158 Loss: 21.307623
2023-06-25 14:50: Train Epoch 13: 100/158 Loss: 22.081387
2023-06-25 14:51: Train Epoch 13: 120/158 Loss: 24.222347
2023-06-25 14:51: Train Epoch 13: 140/158 Loss: 19.246872
2023-06-25 14:51: **********Train Epoch 13: averaged Loss: 21.985453
2023-06-25 14:51: **********Val Epoch 13: average Loss: 22.428381
2023-06-25 14:51: *********************************Current best model saved!
2023-06-25 14:51: Train Epoch 14: 0/158 Loss: 22.729147
2023-06-25 14:52: Train Epoch 14: 20/158 Loss: 21.270477
2023-06-25 14:52: Train Epoch 14: 40/158 Loss: 20.836006
2023-06-25 14:52: Train Epoch 14: 60/158 Loss: 22.265270
2023-06-25 14:52: Train Epoch 14: 80/158 Loss: 20.965876
2023-06-25 14:53: Train Epoch 14: 100/158 Loss: 19.981873
2023-06-25 14:53: Train Epoch 14: 120/158 Loss: 19.951960
2023-06-25 14:53: Train Epoch 14: 140/158 Loss: 22.340696
2023-06-25 14:54: **********Train Epoch 14: averaged Loss: 21.534411
2023-06-25 14:54: **********Val Epoch 14: average Loss: 21.975655
2023-06-25 14:54: *********************************Current best model saved!
2023-06-25 14:54: Train Epoch 15: 0/158 Loss: 22.219933
2023-06-25 14:54: Train Epoch 15: 20/158 Loss: 21.818466
2023-06-25 14:54: Train Epoch 15: 40/158 Loss: 20.923967
2023-06-25 14:55: Train Epoch 15: 60/158 Loss: 20.463203
2023-06-25 14:55: Train Epoch 15: 80/158 Loss: 20.754904
2023-06-25 14:55: Train Epoch 15: 100/158 Loss: 22.693985
2023-06-25 14:55: Train Epoch 15: 120/158 Loss: 22.138895
2023-06-25 14:56: Train Epoch 15: 140/158 Loss: 24.233322
2023-06-25 14:56: **********Train Epoch 15: averaged Loss: 21.291006
2023-06-25 14:56: **********Val Epoch 15: average Loss: 22.787195
2023-06-25 14:56: Train Epoch 16: 0/158 Loss: 22.570471
2023-06-25 14:57: Train Epoch 16: 20/158 Loss: 19.379665
2023-06-25 14:57: Train Epoch 16: 40/158 Loss: 20.438726
2023-06-25 14:57: Train Epoch 16: 60/158 Loss: 21.302246
2023-06-25 14:57: Train Epoch 16: 80/158 Loss: 19.974596
2023-06-25 14:58: Train Epoch 16: 100/158 Loss: 19.479563
2023-06-25 14:58: Train Epoch 16: 120/158 Loss: 23.803820
2023-06-25 14:58: Train Epoch 16: 140/158 Loss: 22.587147
2023-06-25 14:58: **********Train Epoch 16: averaged Loss: 21.158626
2023-06-25 14:59: **********Val Epoch 16: average Loss: 21.803843
2023-06-25 14:59: *********************************Current best model saved!
2023-06-25 14:59: Train Epoch 17: 0/158 Loss: 18.912855
2023-06-25 14:59: Train Epoch 17: 20/158 Loss: 22.955595
2023-06-25 14:59: Train Epoch 17: 40/158 Loss: 19.728901
2023-06-25 15:00: Train Epoch 17: 60/158 Loss: 20.282017
2023-06-25 15:00: Train Epoch 17: 80/158 Loss: 20.879034
2023-06-25 15:00: Train Epoch 17: 100/158 Loss: 21.271465
2023-06-25 15:00: Train Epoch 17: 120/158 Loss: 21.148104
2023-06-25 15:01: Train Epoch 17: 140/158 Loss: 20.448025
2023-06-25 15:01: **********Train Epoch 17: averaged Loss: 20.917011
2023-06-25 15:01: **********Val Epoch 17: average Loss: 22.244882
2023-06-25 15:01: Train Epoch 18: 0/158 Loss: 22.684929
2023-06-25 15:01: Train Epoch 18: 20/158 Loss: 19.798559
2023-06-25 15:02: Train Epoch 18: 40/158 Loss: 20.577147
2023-06-25 15:02: Train Epoch 18: 60/158 Loss: 19.081383
2023-06-25 15:02: Train Epoch 18: 80/158 Loss: 18.934256
2023-06-25 15:03: Train Epoch 18: 100/158 Loss: 20.237072
2023-06-25 15:03: Train Epoch 18: 120/158 Loss: 20.860180
2023-06-25 15:03: Train Epoch 18: 140/158 Loss: 22.118298
2023-06-25 15:03: **********Train Epoch 18: averaged Loss: 20.898075
2023-06-25 15:04: **********Val Epoch 18: average Loss: 21.537396
2023-06-25 15:04: *********************************Current best model saved!
2023-06-25 15:04: Train Epoch 19: 0/158 Loss: 20.407476
2023-06-25 15:04: Train Epoch 19: 20/158 Loss: 21.915104
2023-06-25 15:04: Train Epoch 19: 40/158 Loss: 21.224701
2023-06-25 15:05: Train Epoch 19: 60/158 Loss: 20.677769
2023-06-25 15:05: Train Epoch 19: 80/158 Loss: 21.082436
2023-06-25 15:05: Train Epoch 19: 100/158 Loss: 21.187586
2023-06-25 15:05: Train Epoch 19: 120/158 Loss: 21.281610
2023-06-25 15:06: Train Epoch 19: 140/158 Loss: 19.534473
2023-06-25 15:06: **********Train Epoch 19: averaged Loss: 20.697470
2023-06-25 15:06: **********Val Epoch 19: average Loss: 21.726015
2023-06-25 15:06: Train Epoch 20: 0/158 Loss: 21.275537
2023-06-25 15:06: Train Epoch 20: 20/158 Loss: 20.934570
2023-06-25 15:07: Train Epoch 20: 40/158 Loss: 20.566196
2023-06-25 15:07: Train Epoch 20: 60/158 Loss: 21.349394
2023-06-25 15:07: Train Epoch 20: 80/158 Loss: 22.240295
2023-06-25 15:08: Train Epoch 20: 100/158 Loss: 20.558050
2023-06-25 15:08: Train Epoch 20: 120/158 Loss: 21.477497
2023-06-25 15:08: Train Epoch 20: 140/158 Loss: 21.258562
2023-06-25 15:08: **********Train Epoch 20: averaged Loss: 20.615987
2023-06-25 15:09: **********Val Epoch 20: average Loss: 21.335944
2023-06-25 15:09: *********************************Current best model saved!
2023-06-25 15:09: Train Epoch 21: 0/158 Loss: 19.331833
2023-06-25 15:09: Train Epoch 21: 20/158 Loss: 21.430725
2023-06-25 15:09: Train Epoch 21: 40/158 Loss: 22.169561
2023-06-25 15:09: Train Epoch 21: 60/158 Loss: 19.747482
2023-06-25 15:10: Train Epoch 21: 80/158 Loss: 21.135189
2023-06-25 15:10: Train Epoch 21: 100/158 Loss: 21.894579
2023-06-25 15:10: Train Epoch 21: 120/158 Loss: 19.646324
2023-06-25 15:11: Train Epoch 21: 140/158 Loss: 21.848808
2023-06-25 15:11: **********Train Epoch 21: averaged Loss: 20.596398
2023-06-25 15:11: **********Val Epoch 21: average Loss: 22.041046
2023-06-25 15:11: Train Epoch 22: 0/158 Loss: 20.766859
2023-06-25 15:11: Train Epoch 22: 20/158 Loss: 18.242138
2023-06-25 15:12: Train Epoch 22: 40/158 Loss: 22.327820
2023-06-25 15:12: Train Epoch 22: 60/158 Loss: 21.866362
2023-06-25 15:12: Train Epoch 22: 80/158 Loss: 22.006760
2023-06-25 15:13: Train Epoch 22: 100/158 Loss: 20.941395
2023-06-25 15:13: Train Epoch 22: 120/158 Loss: 21.138025
2023-06-25 15:13: Train Epoch 22: 140/158 Loss: 18.813570
2023-06-25 15:13: **********Train Epoch 22: averaged Loss: 20.610496
2023-06-25 15:14: **********Val Epoch 22: average Loss: 21.321792
2023-06-25 15:14: *********************************Current best model saved!
2023-06-25 15:14: Train Epoch 23: 0/158 Loss: 20.333555
2023-06-25 15:14: Train Epoch 23: 20/158 Loss: 20.595469
2023-06-25 15:14: Train Epoch 23: 40/158 Loss: 19.016335
2023-06-25 15:14: Train Epoch 23: 60/158 Loss: 19.663702
2023-06-25 15:15: Train Epoch 23: 80/158 Loss: 20.098383
2023-06-25 15:15: Train Epoch 23: 100/158 Loss: 20.319227
2023-06-25 15:15: Train Epoch 23: 120/158 Loss: 20.842983
2023-06-25 15:16: Train Epoch 23: 140/158 Loss: 19.131960
2023-06-25 15:16: **********Train Epoch 23: averaged Loss: 20.193690
2023-06-25 15:16: **********Val Epoch 23: average Loss: 21.326612
2023-06-25 15:16: Train Epoch 24: 0/158 Loss: 20.874916
2023-06-25 15:16: Train Epoch 24: 20/158 Loss: 20.385977
2023-06-25 15:17: Train Epoch 24: 40/158 Loss: 20.640411
2023-06-25 15:17: Train Epoch 24: 60/158 Loss: 20.301235
2023-06-25 15:17: Train Epoch 24: 80/158 Loss: 20.104534
2023-06-25 15:17: Train Epoch 24: 100/158 Loss: 19.318993
2023-06-25 15:18: Train Epoch 24: 120/158 Loss: 19.905262
2023-06-25 15:18: Train Epoch 24: 140/158 Loss: 20.393297
2023-06-25 15:18: **********Train Epoch 24: averaged Loss: 20.257454
2023-06-25 15:19: **********Val Epoch 24: average Loss: 21.556569
2023-06-25 15:19: Train Epoch 25: 0/158 Loss: 22.020863
2023-06-25 15:19: Train Epoch 25: 20/158 Loss: 21.875734
2023-06-25 15:19: Train Epoch 25: 40/158 Loss: 20.114040
2023-06-25 15:19: Train Epoch 25: 60/158 Loss: 21.328354
2023-06-25 15:20: Train Epoch 25: 80/158 Loss: 19.749920
2023-06-25 15:20: Train Epoch 25: 100/158 Loss: 19.940636
2023-06-25 15:20: Train Epoch 25: 120/158 Loss: 19.672924
2023-06-25 15:21: Train Epoch 25: 140/158 Loss: 18.002407
2023-06-25 15:21: **********Train Epoch 25: averaged Loss: 20.114229
2023-06-25 15:21: **********Val Epoch 25: average Loss: 21.495416
2023-06-25 15:21: Train Epoch 26: 0/158 Loss: 21.113272
2023-06-25 15:21: Train Epoch 26: 20/158 Loss: 18.844381
2023-06-25 15:22: Train Epoch 26: 40/158 Loss: 18.682426
2023-06-25 15:22: Train Epoch 26: 60/158 Loss: 19.120424
2023-06-25 15:22: Train Epoch 26: 80/158 Loss: 20.543344
2023-06-25 15:22: Train Epoch 26: 100/158 Loss: 18.368883
2023-06-25 15:23: Train Epoch 26: 120/158 Loss: 20.077814
2023-06-25 15:23: Train Epoch 26: 140/158 Loss: 19.914110
2023-06-25 15:23: **********Train Epoch 26: averaged Loss: 19.983928
2023-06-25 15:23: **********Val Epoch 26: average Loss: 20.798408
2023-06-25 15:23: *********************************Current best model saved!
2023-06-25 15:24: Train Epoch 27: 0/158 Loss: 18.999477
2023-06-25 15:24: Train Epoch 27: 20/158 Loss: 20.447023
2023-06-25 15:24: Train Epoch 27: 40/158 Loss: 19.345001
2023-06-25 15:24: Train Epoch 27: 60/158 Loss: 19.727585
2023-06-25 15:25: Train Epoch 27: 80/158 Loss: 17.487486
2023-06-25 15:25: Train Epoch 27: 100/158 Loss: 19.446140
2023-06-25 15:25: Train Epoch 27: 120/158 Loss: 18.596172
2023-06-25 15:26: Train Epoch 27: 140/158 Loss: 18.264071
2023-06-25 15:26: **********Train Epoch 27: averaged Loss: 19.978659
2023-06-25 15:26: **********Val Epoch 27: average Loss: 21.121675
2023-06-25 15:26: Train Epoch 28: 0/158 Loss: 20.933281
2023-06-25 15:26: Train Epoch 28: 20/158 Loss: 19.219236
2023-06-25 15:27: Train Epoch 28: 40/158 Loss: 20.228989
2023-06-25 15:27: Train Epoch 28: 60/158 Loss: 19.360970
2023-06-25 15:27: Train Epoch 28: 80/158 Loss: 17.684946
2023-06-25 15:27: Train Epoch 28: 100/158 Loss: 21.156813
2023-06-25 15:28: Train Epoch 28: 120/158 Loss: 18.922737
2023-06-25 15:28: Train Epoch 28: 140/158 Loss: 18.978466
2023-06-25 15:28: **********Train Epoch 28: averaged Loss: 20.015880
2023-06-25 15:28: **********Val Epoch 28: average Loss: 20.900982
2023-06-25 15:28: Train Epoch 29: 0/158 Loss: 20.537252
2023-06-25 15:29: Train Epoch 29: 20/158 Loss: 20.074776
2023-06-25 15:29: Train Epoch 29: 40/158 Loss: 20.472616
2023-06-25 15:29: Train Epoch 29: 60/158 Loss: 18.538624
2023-06-25 15:30: Train Epoch 29: 80/158 Loss: 21.274015
2023-06-25 15:30: Train Epoch 29: 100/158 Loss: 18.402399
2023-06-25 15:30: Train Epoch 29: 120/158 Loss: 20.217281
2023-06-25 15:30: Train Epoch 29: 140/158 Loss: 21.262560
2023-06-25 15:31: **********Train Epoch 29: averaged Loss: 19.998503
2023-06-25 15:31: **********Val Epoch 29: average Loss: 21.486651
2023-06-25 15:31: Train Epoch 30: 0/158 Loss: 21.844078
2023-06-25 15:31: Train Epoch 30: 20/158 Loss: 18.762312
2023-06-25 15:32: Train Epoch 30: 40/158 Loss: 19.151270
2023-06-25 15:32: Train Epoch 30: 60/158 Loss: 20.970501
2023-06-25 15:32: Train Epoch 30: 80/158 Loss: 20.327456
2023-06-25 15:32: Train Epoch 30: 100/158 Loss: 19.188417
2023-06-25 15:33: Train Epoch 30: 120/158 Loss: 17.829132
2023-06-25 15:33: Train Epoch 30: 140/158 Loss: 19.950459
2023-06-25 15:33: **********Train Epoch 30: averaged Loss: 19.756540
2023-06-25 15:33: **********Val Epoch 30: average Loss: 21.144445
2023-06-25 15:33: Train Epoch 31: 0/158 Loss: 19.450521
2023-06-25 15:34: Train Epoch 31: 20/158 Loss: 20.334520
2023-06-25 15:34: Train Epoch 31: 40/158 Loss: 18.380247
2023-06-25 15:34: Train Epoch 31: 60/158 Loss: 18.902647
2023-06-25 15:35: Train Epoch 31: 80/158 Loss: 21.513819
2023-06-25 15:35: Train Epoch 31: 100/158 Loss: 18.397696
2023-06-25 15:35: Train Epoch 31: 120/158 Loss: 17.083063
2023-06-25 15:35: Train Epoch 31: 140/158 Loss: 19.318377
2023-06-25 15:36: **********Train Epoch 31: averaged Loss: 19.805255
2023-06-25 15:36: **********Val Epoch 31: average Loss: 20.553131
2023-06-25 15:36: *********************************Current best model saved!
2023-06-25 15:36: Train Epoch 32: 0/158 Loss: 21.042791
2023-06-25 15:36: Train Epoch 32: 20/158 Loss: 17.523737
2023-06-25 15:36: Train Epoch 32: 40/158 Loss: 18.230305
2023-06-25 15:37: Train Epoch 32: 60/158 Loss: 20.046799
2023-06-25 15:37: Train Epoch 32: 80/158 Loss: 20.205803
2023-06-25 15:37: Train Epoch 32: 100/158 Loss: 20.015997
2023-06-25 15:38: Train Epoch 32: 120/158 Loss: 19.743216
2023-06-25 15:38: Train Epoch 32: 140/158 Loss: 19.797461
2023-06-25 15:38: **********Train Epoch 32: averaged Loss: 19.757013
2023-06-25 15:38: **********Val Epoch 32: average Loss: 21.098574
2023-06-25 15:38: Train Epoch 33: 0/158 Loss: 19.065432
2023-06-25 15:39: Train Epoch 33: 20/158 Loss: 19.113546
2023-06-25 15:39: Train Epoch 33: 40/158 Loss: 20.344622
2023-06-25 15:39: Train Epoch 33: 60/158 Loss: 20.985746
2023-06-25 15:40: Train Epoch 33: 80/158 Loss: 19.310324
2023-06-25 15:40: Train Epoch 33: 100/158 Loss: 17.934082
2023-06-25 15:40: Train Epoch 33: 120/158 Loss: 20.065218
2023-06-25 15:40: Train Epoch 33: 140/158 Loss: 20.380857
2023-06-25 15:41: **********Train Epoch 33: averaged Loss: 19.816351
2023-06-25 15:41: **********Val Epoch 33: average Loss: 21.437820
2023-06-25 15:41: Train Epoch 34: 0/158 Loss: 19.846096
2023-06-25 15:41: Train Epoch 34: 20/158 Loss: 19.266735
2023-06-25 15:41: Train Epoch 34: 40/158 Loss: 19.387836
2023-06-25 15:42: Train Epoch 34: 60/158 Loss: 19.835243
2023-06-25 15:42: Train Epoch 34: 80/158 Loss: 19.879484
2023-06-25 15:42: Train Epoch 34: 100/158 Loss: 19.570219
2023-06-25 15:43: Train Epoch 34: 120/158 Loss: 21.262026
2023-06-25 15:43: Train Epoch 34: 140/158 Loss: 20.287315
2023-06-25 15:43: **********Train Epoch 34: averaged Loss: 19.768937
2023-06-25 15:43: **********Val Epoch 34: average Loss: 20.738913
2023-06-25 15:43: Train Epoch 35: 0/158 Loss: 19.446968
2023-06-25 15:44: Train Epoch 35: 20/158 Loss: 20.443108
2023-06-25 15:44: Train Epoch 35: 40/158 Loss: 19.088137
2023-06-25 15:44: Train Epoch 35: 60/158 Loss: 19.928770
2023-06-25 15:44: Train Epoch 35: 80/158 Loss: 19.250240
2023-06-25 15:45: Train Epoch 35: 100/158 Loss: 19.079073
2023-06-25 15:45: Train Epoch 35: 120/158 Loss: 18.635630
2023-06-25 15:45: Train Epoch 35: 140/158 Loss: 20.085939
2023-06-25 15:46: **********Train Epoch 35: averaged Loss: 19.619379
2023-06-25 15:46: **********Val Epoch 35: average Loss: 20.440140
2023-06-25 15:46: *********************************Current best model saved!
2023-06-25 15:46: Train Epoch 36: 0/158 Loss: 19.544991
2023-06-25 15:46: Train Epoch 36: 20/158 Loss: 18.341341
2023-06-25 15:46: Train Epoch 36: 40/158 Loss: 17.971342
2023-06-25 15:47: Train Epoch 36: 60/158 Loss: 20.977776
2023-06-25 15:47: Train Epoch 36: 80/158 Loss: 21.240946
2023-06-25 15:47: Train Epoch 36: 100/158 Loss: 21.088326
2023-06-25 15:47: Train Epoch 36: 120/158 Loss: 19.012703
2023-06-25 15:48: Train Epoch 36: 140/158 Loss: 20.742783
2023-06-25 15:48: **********Train Epoch 36: averaged Loss: 19.584818
2023-06-25 15:48: **********Val Epoch 36: average Loss: 20.597900
2023-06-25 15:48: Train Epoch 37: 0/158 Loss: 20.757965
2023-06-25 15:49: Train Epoch 37: 20/158 Loss: 19.510227
2023-06-25 15:49: Train Epoch 37: 40/158 Loss: 19.228479
2023-06-25 15:49: Train Epoch 37: 60/158 Loss: 18.904757
2023-06-25 15:49: Train Epoch 37: 80/158 Loss: 20.104170
2023-06-25 15:50: Train Epoch 37: 100/158 Loss: 20.843971
2023-06-25 15:50: Train Epoch 37: 120/158 Loss: 19.070522
2023-06-25 15:50: Train Epoch 37: 140/158 Loss: 18.407097
2023-06-25 15:50: **********Train Epoch 37: averaged Loss: 19.548130
2023-06-25 15:51: **********Val Epoch 37: average Loss: 20.635974
2023-06-25 15:51: Train Epoch 38: 0/158 Loss: 19.110813
2023-06-25 15:51: Train Epoch 38: 20/158 Loss: 20.771215
2023-06-25 15:51: Train Epoch 38: 40/158 Loss: 22.436064
2023-06-25 15:52: Train Epoch 38: 60/158 Loss: 19.553791
2023-06-25 15:52: Train Epoch 38: 80/158 Loss: 19.731310
2023-06-25 15:52: Train Epoch 38: 100/158 Loss: 19.226572
2023-06-25 15:52: Train Epoch 38: 120/158 Loss: 20.482208
2023-06-25 15:53: Train Epoch 38: 140/158 Loss: 19.282816
2023-06-25 15:53: **********Train Epoch 38: averaged Loss: 19.572381
2023-06-25 15:53: **********Val Epoch 38: average Loss: 20.477444
2023-06-25 15:53: Train Epoch 39: 0/158 Loss: 20.404081
2023-06-25 15:54: Train Epoch 39: 20/158 Loss: 21.569654
2023-06-25 15:54: Train Epoch 39: 40/158 Loss: 18.778425
2023-06-25 15:54: Train Epoch 39: 60/158 Loss: 21.061773
2023-06-25 15:54: Train Epoch 39: 80/158 Loss: 20.772278
2023-06-25 15:55: Train Epoch 39: 100/158 Loss: 19.819019
2023-06-25 15:55: Train Epoch 39: 120/158 Loss: 20.189240
2023-06-25 15:55: Train Epoch 39: 140/158 Loss: 19.780777
2023-06-25 15:55: **********Train Epoch 39: averaged Loss: 19.611695
2023-06-25 15:56: **********Val Epoch 39: average Loss: 20.496171
2023-06-25 15:56: Train Epoch 40: 0/158 Loss: 19.015486
2023-06-25 15:56: Train Epoch 40: 20/158 Loss: 17.944195
2023-06-25 15:56: Train Epoch 40: 40/158 Loss: 19.417503
2023-06-25 15:57: Train Epoch 40: 60/158 Loss: 19.994572
2023-06-25 15:57: Train Epoch 40: 80/158 Loss: 18.382044
2023-06-25 15:57: Train Epoch 40: 100/158 Loss: 19.042540
2023-06-25 15:57: Train Epoch 40: 120/158 Loss: 19.666491
2023-06-25 15:58: Train Epoch 40: 140/158 Loss: 19.604235
2023-06-25 15:58: **********Train Epoch 40: averaged Loss: 19.320114
2023-06-25 15:58: **********Val Epoch 40: average Loss: 20.749107
2023-06-25 15:58: Train Epoch 41: 0/158 Loss: 18.923410
2023-06-25 15:58: Train Epoch 41: 20/158 Loss: 20.151983
2023-06-25 15:59: Train Epoch 41: 40/158 Loss: 19.922413
2023-06-25 15:59: Train Epoch 41: 60/158 Loss: 18.618267
2023-06-25 15:59: Train Epoch 41: 80/158 Loss: 19.082544
2023-06-25 16:00: Train Epoch 41: 100/158 Loss: 21.556288
2023-06-25 16:00: Train Epoch 41: 120/158 Loss: 18.195314
2023-06-25 16:00: Train Epoch 41: 140/158 Loss: 18.067230
2023-06-25 16:00: **********Train Epoch 41: averaged Loss: 19.482694
2023-06-25 16:01: **********Val Epoch 41: average Loss: 21.305747
2023-06-25 16:01: Train Epoch 42: 0/158 Loss: 18.888929
2023-06-25 16:01: Train Epoch 42: 20/158 Loss: 20.165363
2023-06-25 16:01: Train Epoch 42: 40/158 Loss: 19.114851
2023-06-25 16:01: Train Epoch 42: 60/158 Loss: 21.222635
2023-06-25 16:02: Train Epoch 42: 80/158 Loss: 18.920296
2023-06-25 16:02: Train Epoch 42: 100/158 Loss: 19.802958
2023-06-25 16:02: Train Epoch 42: 120/158 Loss: 20.102421
2023-06-25 16:03: Train Epoch 42: 140/158 Loss: 18.447226
2023-06-25 16:03: **********Train Epoch 42: averaged Loss: 19.394189
2023-06-25 16:03: **********Val Epoch 42: average Loss: 20.419009
2023-06-25 16:03: *********************************Current best model saved!
2023-06-25 16:03: Train Epoch 43: 0/158 Loss: 19.713581
2023-06-25 16:03: Train Epoch 43: 20/158 Loss: 19.468004
2023-06-25 16:04: Train Epoch 43: 40/158 Loss: 20.001099
2023-06-25 16:04: Train Epoch 43: 60/158 Loss: 19.319988
2023-06-25 16:04: Train Epoch 43: 80/158 Loss: 17.679762
2023-06-25 16:04: Train Epoch 43: 100/158 Loss: 17.846241
2023-06-25 16:05: Train Epoch 43: 120/158 Loss: 19.452433
2023-06-25 16:05: Train Epoch 43: 140/158 Loss: 21.503666
2023-06-25 16:05: **********Train Epoch 43: averaged Loss: 19.323674
2023-06-25 16:05: **********Val Epoch 43: average Loss: 20.403599
2023-06-25 16:05: *********************************Current best model saved!
2023-06-25 16:06: Train Epoch 44: 0/158 Loss: 18.126709
2023-06-25 16:06: Train Epoch 44: 20/158 Loss: 16.652948
2023-06-25 16:06: Train Epoch 44: 40/158 Loss: 18.048212
2023-06-25 16:06: Train Epoch 44: 60/158 Loss: 19.984104
2023-06-25 16:07: Train Epoch 44: 80/158 Loss: 19.207010
2023-06-25 16:07: Train Epoch 44: 100/158 Loss: 19.393225
2023-06-25 16:07: Train Epoch 44: 120/158 Loss: 19.549620
2023-06-25 16:07: Train Epoch 44: 140/158 Loss: 20.153210
2023-06-25 16:08: **********Train Epoch 44: averaged Loss: 19.309125
2023-06-25 16:08: **********Val Epoch 44: average Loss: 20.561515
2023-06-25 16:08: Train Epoch 45: 0/158 Loss: 18.055660
2023-06-25 16:08: Train Epoch 45: 20/158 Loss: 18.628464
2023-06-25 16:09: Train Epoch 45: 40/158 Loss: 19.807423
2023-06-25 16:09: Train Epoch 45: 60/158 Loss: 19.465990
2023-06-25 16:09: Train Epoch 45: 80/158 Loss: 19.758028
2023-06-25 16:09: Train Epoch 45: 100/158 Loss: 17.973879
2023-06-25 16:10: Train Epoch 45: 120/158 Loss: 20.570339
2023-06-25 16:10: Train Epoch 45: 140/158 Loss: 19.896860
2023-06-25 16:10: **********Train Epoch 45: averaged Loss: 19.360603
2023-06-25 16:10: **********Val Epoch 45: average Loss: 20.331313
2023-06-25 16:10: *********************************Current best model saved!
2023-06-25 16:10: Train Epoch 46: 0/158 Loss: 19.730412
2023-06-25 16:11: Train Epoch 46: 20/158 Loss: 18.557737
2023-06-25 16:11: Train Epoch 46: 40/158 Loss: 21.106050
2023-06-25 16:11: Train Epoch 46: 60/158 Loss: 18.366220
2023-06-25 16:12: Train Epoch 46: 80/158 Loss: 17.847631
2023-06-25 16:12: Train Epoch 46: 100/158 Loss: 20.415779
2023-06-25 16:12: Train Epoch 46: 120/158 Loss: 19.915550
2023-06-25 16:12: Train Epoch 46: 140/158 Loss: 18.886850
2023-06-25 16:13: **********Train Epoch 46: averaged Loss: 19.103965
2023-06-25 16:13: **********Val Epoch 46: average Loss: 20.238953
2023-06-25 16:13: *********************************Current best model saved!
2023-06-25 16:13: Train Epoch 47: 0/158 Loss: 19.618931
2023-06-25 16:13: Train Epoch 47: 20/158 Loss: 20.451447
2023-06-25 16:13: Train Epoch 47: 40/158 Loss: 20.965996
2023-06-25 16:14: Train Epoch 47: 60/158 Loss: 19.143625
2023-06-25 16:14: Train Epoch 47: 80/158 Loss: 19.716223
2023-06-25 16:14: Train Epoch 47: 100/158 Loss: 20.061455
2023-06-25 16:15: Train Epoch 47: 120/158 Loss: 17.447229
2023-06-25 16:15: Train Epoch 47: 140/158 Loss: 19.595285
2023-06-25 16:15: **********Train Epoch 47: averaged Loss: 19.324792
2023-06-25 16:15: **********Val Epoch 47: average Loss: 20.661449
2023-06-25 16:15: Train Epoch 48: 0/158 Loss: 18.994440
2023-06-25 16:16: Train Epoch 48: 20/158 Loss: 19.029032
2023-06-25 16:16: Train Epoch 48: 40/158 Loss: 20.292355
2023-06-25 16:16: Train Epoch 48: 60/158 Loss: 19.559608
2023-06-25 16:16: Train Epoch 48: 80/158 Loss: 20.275976
2023-06-25 16:17: Train Epoch 48: 100/158 Loss: 18.770475
2023-06-25 16:17: Train Epoch 48: 120/158 Loss: 17.799820
2023-06-25 16:17: Train Epoch 48: 140/158 Loss: 19.392330
2023-06-25 16:18: **********Train Epoch 48: averaged Loss: 19.223521
2023-06-25 16:18: **********Val Epoch 48: average Loss: 20.405103
2023-06-25 16:18: Train Epoch 49: 0/158 Loss: 20.345032
2023-06-25 16:18: Train Epoch 49: 20/158 Loss: 19.823526
2023-06-25 16:18: Train Epoch 49: 40/158 Loss: 20.192633
2023-06-25 16:19: Train Epoch 49: 60/158 Loss: 20.217533
2023-06-25 16:19: Train Epoch 49: 80/158 Loss: 17.897337
2023-06-25 16:19: Train Epoch 49: 100/158 Loss: 19.365229
2023-06-25 16:19: Train Epoch 49: 120/158 Loss: 19.794132
2023-06-25 16:20: Train Epoch 49: 140/158 Loss: 20.514771
2023-06-25 16:20: **********Train Epoch 49: averaged Loss: 19.343196
2023-06-25 16:20: **********Val Epoch 49: average Loss: 20.605683
2023-06-25 16:20: Train Epoch 50: 0/158 Loss: 21.543821
2023-06-25 16:21: Train Epoch 50: 20/158 Loss: 19.161793
2023-06-25 16:21: Train Epoch 50: 40/158 Loss: 18.850851
2023-06-25 16:21: Train Epoch 50: 60/158 Loss: 18.167088
2023-06-25 16:21: Train Epoch 50: 80/158 Loss: 18.625748
2023-06-25 16:22: Train Epoch 50: 100/158 Loss: 19.558359
2023-06-25 16:22: Train Epoch 50: 120/158 Loss: 17.476772
2023-06-25 16:22: Train Epoch 50: 140/158 Loss: 17.768152
2023-06-25 16:22: **********Train Epoch 50: averaged Loss: 19.145890
2023-06-25 16:23: **********Val Epoch 50: average Loss: 20.226952
2023-06-25 16:23: *********************************Current best model saved!
2023-06-25 16:23: Train Epoch 51: 0/158 Loss: 20.295763
2023-06-25 16:23: Train Epoch 51: 20/158 Loss: 19.437445
2023-06-25 16:23: Train Epoch 51: 40/158 Loss: 18.917906
2023-06-25 16:24: Train Epoch 51: 60/158 Loss: 18.209570
2023-06-25 16:24: Train Epoch 51: 80/158 Loss: 17.912916
2023-06-25 16:24: Train Epoch 51: 100/158 Loss: 18.622494
2023-06-25 16:24: Train Epoch 51: 120/158 Loss: 17.811199
2023-06-25 16:25: Train Epoch 51: 140/158 Loss: 19.628216
2023-06-25 16:25: **********Train Epoch 51: averaged Loss: 18.981300
2023-06-25 16:25: **********Val Epoch 51: average Loss: 20.185405
2023-06-25 16:25: *********************************Current best model saved!
2023-06-25 16:25: Train Epoch 52: 0/158 Loss: 19.446287
2023-06-25 16:25: Train Epoch 52: 20/158 Loss: 19.727081
2023-06-25 16:26: Train Epoch 52: 40/158 Loss: 18.837746
2023-06-25 16:26: Train Epoch 52: 60/158 Loss: 18.226229
2023-06-25 16:26: Train Epoch 52: 80/158 Loss: 19.670073
2023-06-25 16:27: Train Epoch 52: 100/158 Loss: 19.206556
2023-06-25 16:27: Train Epoch 52: 120/158 Loss: 19.160423
2023-06-25 16:27: Train Epoch 52: 140/158 Loss: 17.711781
2023-06-25 16:27: **********Train Epoch 52: averaged Loss: 19.077939
2023-06-25 16:28: **********Val Epoch 52: average Loss: 20.166506
2023-06-25 16:28: *********************************Current best model saved!
2023-06-25 16:28: Train Epoch 53: 0/158 Loss: 19.796804
2023-06-25 16:28: Train Epoch 53: 20/158 Loss: 20.286396
2023-06-25 16:28: Train Epoch 53: 40/158 Loss: 19.619474
2023-06-25 16:28: Train Epoch 53: 60/158 Loss: 17.995026
2023-06-25 16:29: Train Epoch 53: 80/158 Loss: 18.359808
2023-06-25 16:29: Train Epoch 53: 100/158 Loss: 19.697187
2023-06-25 16:29: Train Epoch 53: 120/158 Loss: 20.502604
2023-06-25 16:30: Train Epoch 53: 140/158 Loss: 18.929010
2023-06-25 16:30: **********Train Epoch 53: averaged Loss: 19.110622
2023-06-25 16:30: **********Val Epoch 53: average Loss: 20.256659
2023-06-25 16:30: Train Epoch 54: 0/158 Loss: 19.672640
2023-06-25 16:30: Train Epoch 54: 20/158 Loss: 20.157204
2023-06-25 16:31: Train Epoch 54: 40/158 Loss: 20.053564
2023-06-25 16:31: Train Epoch 54: 60/158 Loss: 19.558773
2023-06-25 16:31: Train Epoch 54: 80/158 Loss: 21.221830
2023-06-25 16:32: Train Epoch 54: 100/158 Loss: 18.551952
2023-06-25 16:32: Train Epoch 54: 120/158 Loss: 17.860046
2023-06-25 16:32: Train Epoch 54: 140/158 Loss: 16.990177
2023-06-25 16:32: **********Train Epoch 54: averaged Loss: 19.093328
2023-06-25 16:33: **********Val Epoch 54: average Loss: 20.065911
2023-06-25 16:33: *********************************Current best model saved!
2023-06-25 16:33: Train Epoch 55: 0/158 Loss: 16.968323
2023-06-25 16:33: Train Epoch 55: 20/158 Loss: 18.721537
2023-06-25 16:33: Train Epoch 55: 40/158 Loss: 16.186398
2023-06-25 16:33: Train Epoch 55: 60/158 Loss: 18.823357
2023-06-25 16:34: Train Epoch 55: 80/158 Loss: 21.256304
2023-06-25 16:34: Train Epoch 55: 100/158 Loss: 20.168413
2023-06-25 16:34: Train Epoch 55: 120/158 Loss: 17.417454
2023-06-25 16:35: Train Epoch 55: 140/158 Loss: 17.664896
2023-06-25 16:35: **********Train Epoch 55: averaged Loss: 18.963371
2023-06-25 16:35: **********Val Epoch 55: average Loss: 20.198921
2023-06-25 16:35: Train Epoch 56: 0/158 Loss: 18.265024
2023-06-25 16:35: Train Epoch 56: 20/158 Loss: 18.470098
2023-06-25 16:36: Train Epoch 56: 40/158 Loss: 19.138817
2023-06-25 16:36: Train Epoch 56: 60/158 Loss: 17.930931
2023-06-25 16:36: Train Epoch 56: 80/158 Loss: 18.350878
2023-06-25 16:37: Train Epoch 56: 100/158 Loss: 18.579903
2023-06-25 16:37: Train Epoch 56: 120/158 Loss: 18.497940
2023-06-25 16:37: Train Epoch 56: 140/158 Loss: 19.890871
2023-06-25 16:37: **********Train Epoch 56: averaged Loss: 18.941993
2023-06-25 16:38: **********Val Epoch 56: average Loss: 20.123200
2023-06-25 16:38: Train Epoch 57: 0/158 Loss: 18.058172
2023-06-25 16:38: Train Epoch 57: 20/158 Loss: 19.919369
2023-06-25 16:38: Train Epoch 57: 40/158 Loss: 17.650541
2023-06-25 16:38: Train Epoch 57: 60/158 Loss: 19.305214
2023-06-25 16:39: Train Epoch 57: 80/158 Loss: 19.396341
2023-06-25 16:39: Train Epoch 57: 100/158 Loss: 18.711239
2023-06-25 16:39: Train Epoch 57: 120/158 Loss: 16.944998
2023-06-25 16:40: Train Epoch 57: 140/158 Loss: 18.604111
2023-06-25 16:40: **********Train Epoch 57: averaged Loss: 18.937156
2023-06-25 16:40: **********Val Epoch 57: average Loss: 20.210902
2023-06-25 16:40: Train Epoch 58: 0/158 Loss: 18.984392
2023-06-25 16:40: Train Epoch 58: 20/158 Loss: 20.294750
2023-06-25 16:41: Train Epoch 58: 40/158 Loss: 20.945457
2023-06-25 16:41: Train Epoch 58: 60/158 Loss: 19.302223
2023-06-25 16:41: Train Epoch 58: 80/158 Loss: 19.903994
2023-06-25 16:41: Train Epoch 58: 100/158 Loss: 20.131287
2023-06-25 16:42: Train Epoch 58: 120/158 Loss: 18.733862
2023-06-25 16:42: Train Epoch 58: 140/158 Loss: 16.522352
2023-06-25 16:42: **********Train Epoch 58: averaged Loss: 19.234948
2023-06-25 16:42: **********Val Epoch 58: average Loss: 20.130684
2023-06-25 16:43: Train Epoch 59: 0/158 Loss: 17.958778
2023-06-25 16:43: Train Epoch 59: 20/158 Loss: 18.477165
2023-06-25 16:43: Train Epoch 59: 40/158 Loss: 18.180803
2023-06-25 16:43: Train Epoch 59: 60/158 Loss: 18.387560
2023-06-25 16:44: Train Epoch 59: 80/158 Loss: 17.476604
2023-06-25 16:44: Train Epoch 59: 100/158 Loss: 17.056240
2023-06-25 16:44: Train Epoch 59: 120/158 Loss: 19.231184
2023-06-25 16:44: Train Epoch 59: 140/158 Loss: 19.563799
2023-06-25 16:45: **********Train Epoch 59: averaged Loss: 18.789196
2023-06-25 16:45: **********Val Epoch 59: average Loss: 20.134779
2023-06-25 16:45: Train Epoch 60: 0/158 Loss: 18.513853
2023-06-25 16:45: Train Epoch 60: 20/158 Loss: 18.621548
2023-06-25 16:46: Train Epoch 60: 40/158 Loss: 18.888502
2023-06-25 16:46: Train Epoch 60: 60/158 Loss: 16.705122
2023-06-25 16:46: Train Epoch 60: 80/158 Loss: 18.709850
2023-06-25 16:46: Train Epoch 60: 100/158 Loss: 19.435881
2023-06-25 16:47: Train Epoch 60: 120/158 Loss: 18.954926
2023-06-25 16:47: Train Epoch 60: 140/158 Loss: 19.065994
2023-06-25 16:47: **********Train Epoch 60: averaged Loss: 18.967331
2023-06-25 16:47: **********Val Epoch 60: average Loss: 20.022518
2023-06-25 16:47: *********************************Current best model saved!
2023-06-25 16:47: Train Epoch 61: 0/158 Loss: 18.192785
2023-06-25 16:48: Train Epoch 61: 20/158 Loss: 18.335955
2023-06-25 16:48: Train Epoch 61: 40/158 Loss: 18.963249
2023-06-25 16:48: Train Epoch 61: 60/158 Loss: 18.367010
2023-06-25 16:49: Train Epoch 61: 80/158 Loss: 17.837418
2023-06-25 16:49: Train Epoch 61: 100/158 Loss: 18.119989
2023-06-25 16:49: Train Epoch 61: 120/158 Loss: 19.872833
2023-06-25 16:49: Train Epoch 61: 140/158 Loss: 19.084148
2023-06-25 16:50: **********Train Epoch 61: averaged Loss: 18.817091
2023-06-25 16:50: **********Val Epoch 61: average Loss: 20.651698
2023-06-25 16:50: Train Epoch 62: 0/158 Loss: 18.301708
2023-06-25 16:50: Train Epoch 62: 20/158 Loss: 19.011877
2023-06-25 16:50: Train Epoch 62: 40/158 Loss: 17.415058
2023-06-25 16:51: Train Epoch 62: 60/158 Loss: 17.417866
2023-06-25 16:51: Train Epoch 62: 80/158 Loss: 19.614702
2023-06-25 16:51: Train Epoch 62: 100/158 Loss: 20.218687
2023-06-25 16:52: Train Epoch 62: 120/158 Loss: 18.655006
2023-06-25 16:52: Train Epoch 62: 140/158 Loss: 20.020117
2023-06-25 16:52: **********Train Epoch 62: averaged Loss: 18.794870
2023-06-25 16:52: **********Val Epoch 62: average Loss: 20.537838
2023-06-25 16:52: Train Epoch 63: 0/158 Loss: 18.979887
2023-06-25 16:53: Train Epoch 63: 20/158 Loss: 17.483456
2023-06-25 16:53: Train Epoch 63: 40/158 Loss: 18.844494
2023-06-25 16:53: Train Epoch 63: 60/158 Loss: 19.668840
2023-06-25 16:53: Train Epoch 63: 80/158 Loss: 18.153587
2023-06-25 16:54: Train Epoch 63: 100/158 Loss: 17.401726
2023-06-25 16:54: Train Epoch 63: 120/158 Loss: 19.158886
2023-06-25 16:54: Train Epoch 63: 140/158 Loss: 17.687237
2023-06-25 16:55: **********Train Epoch 63: averaged Loss: 18.917977
2023-06-25 16:55: **********Val Epoch 63: average Loss: 19.921514
2023-06-25 16:55: *********************************Current best model saved!
2023-06-25 16:55: Train Epoch 64: 0/158 Loss: 19.158295
2023-06-25 16:55: Train Epoch 64: 20/158 Loss: 18.027283
2023-06-25 16:55: Train Epoch 64: 40/158 Loss: 18.678011
2023-06-25 16:56: Train Epoch 64: 60/158 Loss: 18.628487
2023-06-25 16:56: Train Epoch 64: 80/158 Loss: 19.024746
2023-06-25 16:56: Train Epoch 64: 100/158 Loss: 18.824707
2023-06-25 16:57: Train Epoch 64: 120/158 Loss: 18.057068
2023-06-25 16:57: Train Epoch 64: 140/158 Loss: 20.176025
2023-06-25 16:57: **********Train Epoch 64: averaged Loss: 18.832643
2023-06-25 16:57: **********Val Epoch 64: average Loss: 20.538275
2023-06-25 16:57: Train Epoch 65: 0/158 Loss: 20.378942
2023-06-25 16:58: Train Epoch 65: 20/158 Loss: 19.520996
2023-06-25 16:58: Train Epoch 65: 40/158 Loss: 20.216618
2023-06-25 16:58: Train Epoch 65: 60/158 Loss: 18.534067
2023-06-25 16:58: Train Epoch 65: 80/158 Loss: 16.884418
2023-06-25 16:59: Train Epoch 65: 100/158 Loss: 19.470863
2023-06-25 16:59: Train Epoch 65: 120/158 Loss: 18.064119
2023-06-25 16:59: Train Epoch 65: 140/158 Loss: 20.170290
2023-06-25 17:00: **********Train Epoch 65: averaged Loss: 18.900974
2023-06-25 17:00: **********Val Epoch 65: average Loss: 19.928847
2023-06-25 17:00: Train Epoch 66: 0/158 Loss: 19.105309
2023-06-25 17:00: Train Epoch 66: 20/158 Loss: 19.764526
2023-06-25 17:00: Train Epoch 66: 40/158 Loss: 17.796711
2023-06-25 17:01: Train Epoch 66: 60/158 Loss: 18.887383
2023-06-25 17:01: Train Epoch 66: 80/158 Loss: 18.861818
2023-06-25 17:01: Train Epoch 66: 100/158 Loss: 19.704256
2023-06-25 17:01: Train Epoch 66: 120/158 Loss: 19.363014
2023-06-25 17:02: Train Epoch 66: 140/158 Loss: 17.056627
2023-06-25 17:02: **********Train Epoch 66: averaged Loss: 18.786197
2023-06-25 17:02: **********Val Epoch 66: average Loss: 19.895291
2023-06-25 17:02: *********************************Current best model saved!
2023-06-25 17:02: Train Epoch 67: 0/158 Loss: 19.318180
2023-06-25 17:02: Train Epoch 67: 20/158 Loss: 16.700277
2023-06-25 17:03: Train Epoch 67: 40/158 Loss: 16.508188
2023-06-25 17:03: Train Epoch 67: 60/158 Loss: 18.295685
2023-06-25 17:03: Train Epoch 67: 80/158 Loss: 19.351696
2023-06-25 17:04: Train Epoch 67: 100/158 Loss: 20.064264
2023-06-25 17:04: Train Epoch 67: 120/158 Loss: 18.469810
2023-06-25 17:04: Train Epoch 67: 140/158 Loss: 19.131668
2023-06-25 17:04: **********Train Epoch 67: averaged Loss: 18.782105
2023-06-25 17:05: **********Val Epoch 67: average Loss: 20.043115
2023-06-25 17:05: Train Epoch 68: 0/158 Loss: 19.152277
2023-06-25 17:05: Train Epoch 68: 20/158 Loss: 17.826370
2023-06-25 17:05: Train Epoch 68: 40/158 Loss: 18.197405
2023-06-25 17:06: Train Epoch 68: 60/158 Loss: 18.468645
2023-06-25 17:06: Train Epoch 68: 80/158 Loss: 17.690798
2023-06-25 17:06: Train Epoch 68: 100/158 Loss: 17.910950
2023-06-25 17:06: Train Epoch 68: 120/158 Loss: 19.228167
2023-06-25 17:07: Train Epoch 68: 140/158 Loss: 17.901546
2023-06-25 17:07: **********Train Epoch 68: averaged Loss: 18.679355
2023-06-25 17:07: **********Val Epoch 68: average Loss: 19.963495
2023-06-25 17:07: Train Epoch 69: 0/158 Loss: 17.628098
2023-06-25 17:07: Train Epoch 69: 20/158 Loss: 17.394501
2023-06-25 17:08: Train Epoch 69: 40/158 Loss: 19.067505
2023-06-25 17:08: Train Epoch 69: 60/158 Loss: 19.675583
2023-06-25 17:08: Train Epoch 69: 80/158 Loss: 18.435762
2023-06-25 17:09: Train Epoch 69: 100/158 Loss: 19.517302
2023-06-25 17:09: Train Epoch 69: 120/158 Loss: 19.216082
2023-06-25 17:09: Train Epoch 69: 140/158 Loss: 19.179731
2023-06-25 17:09: **********Train Epoch 69: averaged Loss: 18.675031
2023-06-25 17:10: **********Val Epoch 69: average Loss: 19.843917
2023-06-25 17:10: *********************************Current best model saved!
2023-06-25 17:10: Train Epoch 70: 0/158 Loss: 20.270922
2023-06-25 17:10: Train Epoch 70: 20/158 Loss: 18.491488
2023-06-25 17:10: Train Epoch 70: 40/158 Loss: 19.652615
2023-06-25 17:10: Train Epoch 70: 60/158 Loss: 20.017569
2023-06-25 17:11: Train Epoch 70: 80/158 Loss: 19.208075
2023-06-25 17:11: Train Epoch 70: 100/158 Loss: 17.373312
2023-06-25 17:11: Train Epoch 70: 120/158 Loss: 18.517008
2023-06-25 17:12: Train Epoch 70: 140/158 Loss: 20.569551
2023-06-25 17:12: **********Train Epoch 70: averaged Loss: 18.805512
2023-06-25 17:12: **********Val Epoch 70: average Loss: 19.865413
2023-06-25 17:12: Train Epoch 71: 0/158 Loss: 19.375086
2023-06-25 17:12: Train Epoch 71: 20/158 Loss: 18.868587
2023-06-25 17:13: Train Epoch 71: 40/158 Loss: 18.553787
2023-06-25 17:13: Train Epoch 71: 60/158 Loss: 19.147896
2023-06-25 17:13: Train Epoch 71: 80/158 Loss: 18.030733
2023-06-25 17:14: Train Epoch 71: 100/158 Loss: 18.622213
2023-06-25 17:14: Train Epoch 71: 120/158 Loss: 16.863104
2023-06-25 17:14: Train Epoch 71: 140/158 Loss: 19.027676
2023-06-25 17:14: **********Train Epoch 71: averaged Loss: 18.824979
2023-06-25 17:15: **********Val Epoch 71: average Loss: 20.018813
2023-06-25 17:15: Train Epoch 72: 0/158 Loss: 20.089441
2023-06-25 17:15: Train Epoch 72: 20/158 Loss: 18.757725
2023-06-25 17:15: Train Epoch 72: 40/158 Loss: 17.238865
2023-06-25 17:15: Train Epoch 72: 60/158 Loss: 19.795170
2023-06-25 17:16: Train Epoch 72: 80/158 Loss: 16.631054
2023-06-25 17:16: Train Epoch 72: 100/158 Loss: 18.305964
2023-06-25 17:16: Train Epoch 72: 120/158 Loss: 18.891602
2023-06-25 17:17: Train Epoch 72: 140/158 Loss: 19.149265
2023-06-25 17:17: **********Train Epoch 72: averaged Loss: 18.643905
2023-06-25 17:17: **********Val Epoch 72: average Loss: 19.977921
2023-06-25 17:17: Train Epoch 73: 0/158 Loss: 19.039671
2023-06-25 17:17: Train Epoch 73: 20/158 Loss: 18.825544
2023-06-25 17:18: Train Epoch 73: 40/158 Loss: 18.296160
2023-06-25 17:18: Train Epoch 73: 60/158 Loss: 18.138447
2023-06-25 17:18: Train Epoch 73: 80/158 Loss: 20.198647
2023-06-25 17:18: Train Epoch 73: 100/158 Loss: 16.486284
2023-06-25 17:19: Train Epoch 73: 120/158 Loss: 17.858654
2023-06-25 17:19: Train Epoch 73: 140/158 Loss: 19.822275
2023-06-25 17:19: **********Train Epoch 73: averaged Loss: 18.607451
2023-06-25 17:19: **********Val Epoch 73: average Loss: 19.730798
2023-06-25 17:19: *********************************Current best model saved!
2023-06-25 17:19: Train Epoch 74: 0/158 Loss: 16.741980
2023-06-25 17:20: Train Epoch 74: 20/158 Loss: 18.461046
2023-06-25 17:20: Train Epoch 74: 40/158 Loss: 18.962488
2023-06-25 17:20: Train Epoch 74: 60/158 Loss: 19.550928
2023-06-25 17:21: Train Epoch 74: 80/158 Loss: 18.575657
2023-06-25 17:21: Train Epoch 74: 100/158 Loss: 19.241940
2023-06-25 17:21: Train Epoch 74: 120/158 Loss: 19.462217
2023-06-25 17:21: Train Epoch 74: 140/158 Loss: 17.723871
2023-06-25 17:22: **********Train Epoch 74: averaged Loss: 18.771530
2023-06-25 17:22: **********Val Epoch 74: average Loss: 19.759070
2023-06-25 17:22: Train Epoch 75: 0/158 Loss: 18.545811
2023-06-25 17:22: Train Epoch 75: 20/158 Loss: 18.598478
2023-06-25 17:23: Train Epoch 75: 40/158 Loss: 18.264833
2023-06-25 17:23: Train Epoch 75: 60/158 Loss: 18.802950
2023-06-25 17:23: Train Epoch 75: 80/158 Loss: 18.407368
2023-06-25 17:23: Train Epoch 75: 100/158 Loss: 19.442440
2023-06-25 17:24: Train Epoch 75: 120/158 Loss: 19.672869
2023-06-25 17:24: Train Epoch 75: 140/158 Loss: 18.452627
2023-06-25 17:24: **********Train Epoch 75: averaged Loss: 18.704469
2023-06-25 17:24: **********Val Epoch 75: average Loss: 19.870939
2023-06-25 17:24: Train Epoch 76: 0/158 Loss: 19.205685
2023-06-25 17:25: Train Epoch 76: 20/158 Loss: 18.814905
2023-06-25 17:25: Train Epoch 76: 40/158 Loss: 18.677315
2023-06-25 17:25: Train Epoch 76: 60/158 Loss: 16.609600
2023-06-25 17:26: Train Epoch 76: 80/158 Loss: 19.523909
2023-06-25 17:26: Train Epoch 76: 100/158 Loss: 19.383661
2023-06-25 17:26: Train Epoch 76: 120/158 Loss: 17.878407
2023-06-25 17:26: Train Epoch 76: 140/158 Loss: 19.315334
2023-06-25 17:27: **********Train Epoch 76: averaged Loss: 18.555061
2023-06-25 17:27: **********Val Epoch 76: average Loss: 19.987370
2023-06-25 17:27: Train Epoch 77: 0/158 Loss: 17.660442
2023-06-25 17:27: Train Epoch 77: 20/158 Loss: 18.258276
2023-06-25 17:27: Train Epoch 77: 40/158 Loss: 18.463776
2023-06-25 17:28: Train Epoch 77: 60/158 Loss: 19.458534
2023-06-25 17:28: Train Epoch 77: 80/158 Loss: 17.523729
2023-06-25 17:28: Train Epoch 77: 100/158 Loss: 17.656706
2023-06-25 17:29: Train Epoch 77: 120/158 Loss: 18.177969
2023-06-25 17:29: Train Epoch 77: 140/158 Loss: 20.421854
2023-06-25 17:29: **********Train Epoch 77: averaged Loss: 18.613360
2023-06-25 17:29: **********Val Epoch 77: average Loss: 20.605064
2023-06-25 17:29: Train Epoch 78: 0/158 Loss: 20.370026
2023-06-25 17:30: Train Epoch 78: 20/158 Loss: 17.803009
2023-06-25 17:30: Train Epoch 78: 40/158 Loss: 17.342453
2023-06-25 17:30: Train Epoch 78: 60/158 Loss: 18.687168
2023-06-25 17:30: Train Epoch 78: 80/158 Loss: 17.717817
2023-06-25 17:31: Train Epoch 78: 100/158 Loss: 18.371675
2023-06-25 17:31: Train Epoch 78: 120/158 Loss: 17.959572
2023-06-25 17:31: Train Epoch 78: 140/158 Loss: 17.573290
2023-06-25 17:32: **********Train Epoch 78: averaged Loss: 18.576968
2023-06-25 17:32: **********Val Epoch 78: average Loss: 20.028651
2023-06-25 17:32: Train Epoch 79: 0/158 Loss: 18.671961
2023-06-25 17:32: Train Epoch 79: 20/158 Loss: 18.959116
2023-06-25 17:32: Train Epoch 79: 40/158 Loss: 17.756451
2023-06-25 17:33: Train Epoch 79: 60/158 Loss: 17.499533
2023-06-25 17:33: Train Epoch 79: 80/158 Loss: 16.568712
2023-06-25 17:33: Train Epoch 79: 100/158 Loss: 18.809334
2023-06-25 17:34: Train Epoch 79: 120/158 Loss: 20.881874
2023-06-25 17:34: Train Epoch 79: 140/158 Loss: 18.420658
2023-06-25 17:34: **********Train Epoch 79: averaged Loss: 18.598878
2023-06-25 17:34: **********Val Epoch 79: average Loss: 20.019269
2023-06-25 17:34: Train Epoch 80: 0/158 Loss: 19.165926
2023-06-25 17:35: Train Epoch 80: 20/158 Loss: 17.852037
2023-06-25 17:35: Train Epoch 80: 40/158 Loss: 18.976351
2023-06-25 17:35: Train Epoch 80: 60/158 Loss: 18.979019
2023-06-25 17:35: Train Epoch 80: 80/158 Loss: 18.512722
2023-06-25 17:36: Train Epoch 80: 100/158 Loss: 17.827002
2023-06-25 17:36: Train Epoch 80: 120/158 Loss: 18.723581
2023-06-25 17:36: Train Epoch 80: 140/158 Loss: 17.495163
2023-06-25 17:36: **********Train Epoch 80: averaged Loss: 18.634920
2023-06-25 17:37: **********Val Epoch 80: average Loss: 19.848878
2023-06-25 17:37: Train Epoch 81: 0/158 Loss: 19.134211
2023-06-25 17:37: Train Epoch 81: 20/158 Loss: 18.342117
2023-06-25 17:37: Train Epoch 81: 40/158 Loss: 18.122213
2023-06-25 17:38: Train Epoch 81: 60/158 Loss: 19.434975
2023-06-25 17:38: Train Epoch 81: 80/158 Loss: 18.851439
2023-06-25 17:38: Train Epoch 81: 100/158 Loss: 18.505184
2023-06-25 17:38: Train Epoch 81: 120/158 Loss: 17.855360
2023-06-25 17:39: Train Epoch 81: 140/158 Loss: 18.566925
2023-06-25 17:39: **********Train Epoch 81: averaged Loss: 18.459113
2023-06-25 17:39: **********Val Epoch 81: average Loss: 19.893187
2023-06-25 17:39: Train Epoch 82: 0/158 Loss: 18.644390
2023-06-25 17:39: Train Epoch 82: 20/158 Loss: 18.905716
2023-06-25 17:40: Train Epoch 82: 40/158 Loss: 17.728020
2023-06-25 17:40: Train Epoch 82: 60/158 Loss: 18.301741
2023-06-25 17:40: Train Epoch 82: 80/158 Loss: 20.847225
2023-06-25 17:41: Train Epoch 82: 100/158 Loss: 17.354597
2023-06-25 17:41: Train Epoch 82: 120/158 Loss: 17.540342
2023-06-25 17:41: Train Epoch 82: 140/158 Loss: 19.165390
2023-06-25 17:41: **********Train Epoch 82: averaged Loss: 18.520014
2023-06-25 17:42: **********Val Epoch 82: average Loss: 19.794155
2023-06-25 17:42: Train Epoch 83: 0/158 Loss: 17.953844
2023-06-25 17:42: Train Epoch 83: 20/158 Loss: 17.585100
2023-06-25 17:42: Train Epoch 83: 40/158 Loss: 18.243738
2023-06-25 17:42: Train Epoch 83: 60/158 Loss: 18.103418
2023-06-25 17:43: Train Epoch 83: 80/158 Loss: 19.969965
2023-06-25 17:43: Train Epoch 83: 100/158 Loss: 18.824293
2023-06-25 17:43: Train Epoch 83: 120/158 Loss: 18.051807
2023-06-25 17:44: Train Epoch 83: 140/158 Loss: 19.182259
2023-06-25 17:44: **********Train Epoch 83: averaged Loss: 18.530043
2023-06-25 17:44: **********Val Epoch 83: average Loss: 20.090275
2023-06-25 17:44: Train Epoch 84: 0/158 Loss: 18.416140
2023-06-25 17:44: Train Epoch 84: 20/158 Loss: 17.709518
2023-06-25 17:45: Train Epoch 84: 40/158 Loss: 18.127798
2023-06-25 17:45: Train Epoch 84: 60/158 Loss: 19.248671
2023-06-25 17:45: Train Epoch 84: 80/158 Loss: 18.920568
2023-06-25 17:45: Train Epoch 84: 100/158 Loss: 18.152964
2023-06-25 17:46: Train Epoch 84: 120/158 Loss: 18.598198
2023-06-25 17:46: Train Epoch 84: 140/158 Loss: 18.415174
2023-06-25 17:46: **********Train Epoch 84: averaged Loss: 18.548811
2023-06-25 17:47: **********Val Epoch 84: average Loss: 19.749169
2023-06-25 17:47: Train Epoch 85: 0/158 Loss: 18.428024
2023-06-25 17:47: Train Epoch 85: 20/158 Loss: 17.655830
2023-06-25 17:47: Train Epoch 85: 40/158 Loss: 18.945972
2023-06-25 17:47: Train Epoch 85: 60/158 Loss: 17.082085
2023-06-25 17:48: Train Epoch 85: 80/158 Loss: 19.904720
2023-06-25 17:48: Train Epoch 85: 100/158 Loss: 18.436983
2023-06-25 17:48: Train Epoch 85: 120/158 Loss: 16.060301
2023-06-25 17:49: Train Epoch 85: 140/158 Loss: 19.459026
2023-06-25 17:49: **********Train Epoch 85: averaged Loss: 18.479123
2023-06-25 17:49: **********Val Epoch 85: average Loss: 19.696476
2023-06-25 17:49: *********************************Current best model saved!
2023-06-25 17:49: Train Epoch 86: 0/158 Loss: 18.317574
2023-06-25 17:49: Train Epoch 86: 20/158 Loss: 17.928696
2023-06-25 17:50: Train Epoch 86: 40/158 Loss: 17.160919
2023-06-25 17:50: Train Epoch 86: 60/158 Loss: 17.871883
2023-06-25 17:50: Train Epoch 86: 80/158 Loss: 18.982021
2023-06-25 17:50: Train Epoch 86: 100/158 Loss: 16.939377
2023-06-25 17:51: Train Epoch 86: 120/158 Loss: 17.868345
2023-06-25 17:51: Train Epoch 86: 140/158 Loss: 17.650948
2023-06-25 17:51: **********Train Epoch 86: averaged Loss: 18.537337
2023-06-25 17:51: **********Val Epoch 86: average Loss: 19.921153
2023-06-25 17:51: Train Epoch 87: 0/158 Loss: 18.151865
2023-06-25 17:52: Train Epoch 87: 20/158 Loss: 17.431702
2023-06-25 17:52: Train Epoch 87: 40/158 Loss: 19.974657
2023-06-25 17:52: Train Epoch 87: 60/158 Loss: 18.339071
2023-06-25 17:53: Train Epoch 87: 80/158 Loss: 19.096283
2023-06-25 17:53: Train Epoch 87: 100/158 Loss: 18.531263
2023-06-25 17:53: Train Epoch 87: 120/158 Loss: 19.048439
2023-06-25 17:53: Train Epoch 87: 140/158 Loss: 17.436596
2023-06-25 17:54: **********Train Epoch 87: averaged Loss: 18.412643
2023-06-25 17:54: **********Val Epoch 87: average Loss: 19.793292
2023-06-25 17:54: Train Epoch 88: 0/158 Loss: 18.824869
2023-06-25 17:54: Train Epoch 88: 20/158 Loss: 19.693487
2023-06-25 17:54: Train Epoch 88: 40/158 Loss: 17.684814
2023-06-25 17:55: Train Epoch 88: 60/158 Loss: 17.902065
2023-06-25 17:55: Train Epoch 88: 80/158 Loss: 20.094633
2023-06-25 17:55: Train Epoch 88: 100/158 Loss: 21.158125
2023-06-25 17:56: Train Epoch 88: 120/158 Loss: 20.125765
2023-06-25 17:56: Train Epoch 88: 140/158 Loss: 17.723574
2023-06-25 17:56: **********Train Epoch 88: averaged Loss: 18.443310
2023-06-25 17:56: **********Val Epoch 88: average Loss: 19.626228
2023-06-25 17:56: *********************************Current best model saved!
2023-06-25 17:56: Train Epoch 89: 0/158 Loss: 16.987112
2023-06-25 17:57: Train Epoch 89: 20/158 Loss: 18.059643
2023-06-25 17:57: Train Epoch 89: 40/158 Loss: 16.444929
2023-06-25 17:57: Train Epoch 89: 60/158 Loss: 19.195513
2023-06-25 17:57: Train Epoch 89: 80/158 Loss: 18.662588
2023-06-25 17:58: Train Epoch 89: 100/158 Loss: 19.331192
2023-06-25 17:58: Train Epoch 89: 120/158 Loss: 19.394613
2023-06-25 17:58: Train Epoch 89: 140/158 Loss: 18.814825
2023-06-25 17:59: **********Train Epoch 89: averaged Loss: 18.458353
2023-06-25 17:59: **********Val Epoch 89: average Loss: 19.663431
2023-06-25 17:59: Train Epoch 90: 0/158 Loss: 17.774855
2023-06-25 17:59: Train Epoch 90: 20/158 Loss: 16.924114
2023-06-25 17:59: Train Epoch 90: 40/158 Loss: 17.570000
2023-06-25 18:00: Train Epoch 90: 60/158 Loss: 18.374126
2023-06-25 18:00: Train Epoch 90: 80/158 Loss: 18.660110
2023-06-25 18:00: Train Epoch 90: 100/158 Loss: 18.866119
2023-06-25 18:01: Train Epoch 90: 120/158 Loss: 15.973741
2023-06-25 18:01: Train Epoch 90: 140/158 Loss: 18.080221
2023-06-25 18:01: **********Train Epoch 90: averaged Loss: 18.393283
2023-06-25 18:01: **********Val Epoch 90: average Loss: 19.815610
2023-06-25 18:01: Train Epoch 91: 0/158 Loss: 18.721676
2023-06-25 18:02: Train Epoch 91: 20/158 Loss: 18.018362
2023-06-25 18:02: Train Epoch 91: 40/158 Loss: 17.641321
2023-06-25 18:02: Train Epoch 91: 60/158 Loss: 17.513000
2023-06-25 18:02: Train Epoch 91: 80/158 Loss: 19.545345
2023-06-25 18:03: Train Epoch 91: 100/158 Loss: 17.747620
2023-06-25 18:03: Train Epoch 91: 120/158 Loss: 18.020390
2023-06-25 18:03: Train Epoch 91: 140/158 Loss: 18.483944
2023-06-25 18:03: **********Train Epoch 91: averaged Loss: 18.320507
2023-06-25 18:04: **********Val Epoch 91: average Loss: 19.609136
2023-06-25 18:04: *********************************Current best model saved!
2023-06-25 18:04: Train Epoch 92: 0/158 Loss: 18.676519
2023-06-25 18:04: Train Epoch 92: 20/158 Loss: 17.476496
2023-06-25 18:04: Train Epoch 92: 40/158 Loss: 18.023760
2023-06-25 18:05: Train Epoch 92: 60/158 Loss: 17.685019
2023-06-25 18:05: Train Epoch 92: 80/158 Loss: 18.870579
2023-06-25 18:05: Train Epoch 92: 100/158 Loss: 16.531698
2023-06-25 18:05: Train Epoch 92: 120/158 Loss: 17.704561
2023-06-25 18:06: Train Epoch 92: 140/158 Loss: 18.434879
2023-06-25 18:06: **********Train Epoch 92: averaged Loss: 18.358882
2023-06-25 18:06: **********Val Epoch 92: average Loss: 19.697142
2023-06-25 18:06: Train Epoch 93: 0/158 Loss: 17.870462
2023-06-25 18:07: Train Epoch 93: 20/158 Loss: 17.321447
2023-06-25 18:07: Train Epoch 93: 40/158 Loss: 16.659309
2023-06-25 18:07: Train Epoch 93: 60/158 Loss: 18.839788
2023-06-25 18:07: Train Epoch 93: 80/158 Loss: 20.119635
2023-06-25 18:08: Train Epoch 93: 100/158 Loss: 20.234484
2023-06-25 18:08: Train Epoch 93: 120/158 Loss: 17.848038
2023-06-25 18:08: Train Epoch 93: 140/158 Loss: 18.158943
2023-06-25 18:08: **********Train Epoch 93: averaged Loss: 18.480926
2023-06-25 18:09: **********Val Epoch 93: average Loss: 19.774195
2023-06-25 18:09: Train Epoch 94: 0/158 Loss: 17.816610
2023-06-25 18:09: Train Epoch 94: 20/158 Loss: 18.191191
2023-06-25 18:09: Train Epoch 94: 40/158 Loss: 17.656010
2023-06-25 18:10: Train Epoch 94: 60/158 Loss: 18.742283
2023-06-25 18:10: Train Epoch 94: 80/158 Loss: 17.422791
2023-06-25 18:10: Train Epoch 94: 100/158 Loss: 19.367517
2023-06-25 18:10: Train Epoch 94: 120/158 Loss: 17.802843
2023-06-25 18:11: Train Epoch 94: 140/158 Loss: 20.355919
2023-06-25 18:11: **********Train Epoch 94: averaged Loss: 18.399911
2023-06-25 18:11: **********Val Epoch 94: average Loss: 20.109875
2023-06-25 18:11: Train Epoch 95: 0/158 Loss: 18.680815
2023-06-25 18:11: Train Epoch 95: 20/158 Loss: 19.675507
2023-06-25 18:12: Train Epoch 95: 40/158 Loss: 17.380432
2023-06-25 18:12: Train Epoch 95: 60/158 Loss: 18.293139
2023-06-25 18:12: Train Epoch 95: 80/158 Loss: 17.583950
2023-06-25 18:13: Train Epoch 95: 100/158 Loss: 19.258623
2023-06-25 18:13: Train Epoch 95: 120/158 Loss: 18.174242
2023-06-25 18:13: Train Epoch 95: 140/158 Loss: 19.397984
2023-06-25 18:13: **********Train Epoch 95: averaged Loss: 18.351104
2023-06-25 18:14: **********Val Epoch 95: average Loss: 19.808073
2023-06-25 18:14: Train Epoch 96: 0/158 Loss: 19.299265
2023-06-25 18:14: Train Epoch 96: 20/158 Loss: 19.367718
2023-06-25 18:14: Train Epoch 96: 40/158 Loss: 19.281776
2023-06-25 18:14: Train Epoch 96: 60/158 Loss: 19.330751
2023-06-25 18:15: Train Epoch 96: 80/158 Loss: 18.361032
2023-06-25 18:15: Train Epoch 96: 100/158 Loss: 18.733540
2023-06-25 18:15: Train Epoch 96: 120/158 Loss: 15.919088
2023-06-25 18:16: Train Epoch 96: 140/158 Loss: 16.785975
2023-06-25 18:16: **********Train Epoch 96: averaged Loss: 18.453854
2023-06-25 18:16: **********Val Epoch 96: average Loss: 19.707553
2023-06-25 18:16: Train Epoch 97: 0/158 Loss: 18.535950
2023-06-25 18:16: Train Epoch 97: 20/158 Loss: 18.325661
2023-06-25 18:17: Train Epoch 97: 40/158 Loss: 18.547321
2023-06-25 18:17: Train Epoch 97: 60/158 Loss: 16.130079
2023-06-25 18:17: Train Epoch 97: 80/158 Loss: 16.395922
2023-06-25 18:18: Train Epoch 97: 100/158 Loss: 17.575684
2023-06-25 18:18: Train Epoch 97: 120/158 Loss: 18.026363
2023-06-25 18:18: Train Epoch 97: 140/158 Loss: 18.472874
2023-06-25 18:18: **********Train Epoch 97: averaged Loss: 18.302497
2023-06-25 18:19: **********Val Epoch 97: average Loss: 19.899912
2023-06-25 18:19: Train Epoch 98: 0/158 Loss: 17.321262
2023-06-25 18:19: Train Epoch 98: 20/158 Loss: 17.241629
2023-06-25 18:19: Train Epoch 98: 40/158 Loss: 18.668177
2023-06-25 18:19: Train Epoch 98: 60/158 Loss: 19.898098
2023-06-25 18:20: Train Epoch 98: 80/158 Loss: 18.515013
2023-06-25 18:20: Train Epoch 98: 100/158 Loss: 18.737669
2023-06-25 18:20: Train Epoch 98: 120/158 Loss: 17.667419
2023-06-25 18:21: Train Epoch 98: 140/158 Loss: 17.804218
2023-06-25 18:21: **********Train Epoch 98: averaged Loss: 18.428213
2023-06-25 18:21: **********Val Epoch 98: average Loss: 19.573897
2023-06-25 18:21: *********************************Current best model saved!
2023-06-25 18:21: Train Epoch 99: 0/158 Loss: 17.337965
2023-06-25 18:21: Train Epoch 99: 20/158 Loss: 19.220713
2023-06-25 18:22: Train Epoch 99: 40/158 Loss: 17.522184
2023-06-25 18:22: Train Epoch 99: 60/158 Loss: 19.799831
2023-06-25 18:22: Train Epoch 99: 80/158 Loss: 18.245615
2023-06-25 18:22: Train Epoch 99: 100/158 Loss: 17.628630
2023-06-25 18:23: Train Epoch 99: 120/158 Loss: 19.901348
2023-06-25 18:23: Train Epoch 99: 140/158 Loss: 18.277325
2023-06-25 18:23: **********Train Epoch 99: averaged Loss: 18.211048
2023-06-25 18:23: **********Val Epoch 99: average Loss: 19.468715
2023-06-25 18:23: *********************************Current best model saved!
2023-06-25 18:24: Train Epoch 100: 0/158 Loss: 18.548271
2023-06-25 18:24: Train Epoch 100: 20/158 Loss: 17.784561
2023-06-25 18:24: Train Epoch 100: 40/158 Loss: 18.187260
2023-06-25 18:24: Train Epoch 100: 60/158 Loss: 19.279762
2023-06-25 18:25: Train Epoch 100: 80/158 Loss: 18.893517
2023-06-25 18:25: Train Epoch 100: 100/158 Loss: 19.991959
2023-06-25 18:25: Train Epoch 100: 120/158 Loss: 18.487629
2023-06-25 18:25: Train Epoch 100: 140/158 Loss: 19.058523
2023-06-25 18:26: **********Train Epoch 100: averaged Loss: 18.272234
2023-06-25 18:26: **********Val Epoch 100: average Loss: 19.666502
2023-06-25 18:26: Train Epoch 101: 0/158 Loss: 18.090740
2023-06-25 18:26: Train Epoch 101: 20/158 Loss: 17.591467
2023-06-25 18:27: Train Epoch 101: 40/158 Loss: 19.114870
2023-06-25 18:27: Train Epoch 101: 60/158 Loss: 18.238438
2023-06-25 18:27: Train Epoch 101: 80/158 Loss: 17.760118
2023-06-25 18:27: Train Epoch 101: 100/158 Loss: 17.606474
2023-06-25 18:28: Train Epoch 101: 120/158 Loss: 18.581537
2023-06-25 18:28: Train Epoch 101: 140/158 Loss: 17.874580
2023-06-25 18:28: **********Train Epoch 101: averaged Loss: 18.299713
2023-06-25 18:28: **********Val Epoch 101: average Loss: 19.596831
2023-06-25 18:28: Train Epoch 102: 0/158 Loss: 17.963673
2023-06-25 18:29: Train Epoch 102: 20/158 Loss: 17.772724
2023-06-25 18:29: Train Epoch 102: 40/158 Loss: 18.500107
2023-06-25 18:29: Train Epoch 102: 60/158 Loss: 18.411558
2023-06-25 18:30: Train Epoch 102: 80/158 Loss: 17.421469
2023-06-25 18:30: Train Epoch 102: 100/158 Loss: 19.155890
2023-06-25 18:30: Train Epoch 102: 120/158 Loss: 17.274853
2023-06-25 18:30: Train Epoch 102: 140/158 Loss: 15.575808
2023-06-25 18:31: **********Train Epoch 102: averaged Loss: 18.308594
2023-06-25 18:31: **********Val Epoch 102: average Loss: 19.731170
2023-06-25 18:31: Train Epoch 103: 0/158 Loss: 16.366581
2023-06-25 18:31: Train Epoch 103: 20/158 Loss: 18.554617
2023-06-25 18:31: Train Epoch 103: 40/158 Loss: 17.015995
2023-06-25 18:32: Train Epoch 103: 60/158 Loss: 18.887321
2023-06-25 18:32: Train Epoch 103: 80/158 Loss: 18.826420
2023-06-25 18:32: Train Epoch 103: 100/158 Loss: 16.926910
2023-06-25 18:33: Train Epoch 103: 120/158 Loss: 18.008648
2023-06-25 18:33: Train Epoch 103: 140/158 Loss: 18.681915
2023-06-25 18:33: **********Train Epoch 103: averaged Loss: 18.280804
2023-06-25 18:33: **********Val Epoch 103: average Loss: 19.789664
2023-06-25 18:33: Train Epoch 104: 0/158 Loss: 19.018808
2023-06-25 18:34: Train Epoch 104: 20/158 Loss: 18.481947
2023-06-25 18:34: Train Epoch 104: 40/158 Loss: 18.442207
2023-06-25 18:34: Train Epoch 104: 60/158 Loss: 17.046909
2023-06-25 18:34: Train Epoch 104: 80/158 Loss: 18.586166
2023-06-25 18:35: Train Epoch 104: 100/158 Loss: 18.796959
2023-06-25 18:35: Train Epoch 104: 120/158 Loss: 17.713102
2023-06-25 18:35: Train Epoch 104: 140/158 Loss: 17.998928
2023-06-25 18:36: **********Train Epoch 104: averaged Loss: 18.275514
2023-06-25 18:36: **********Val Epoch 104: average Loss: 19.630404
2023-06-25 18:36: Train Epoch 105: 0/158 Loss: 18.974804
2023-06-25 18:36: Train Epoch 105: 20/158 Loss: 18.640274
2023-06-25 18:36: Train Epoch 105: 40/158 Loss: 19.210495
2023-06-25 18:37: Train Epoch 105: 60/158 Loss: 17.386562
2023-06-25 18:37: Train Epoch 105: 80/158 Loss: 17.987352
2023-06-25 18:37: Train Epoch 105: 100/158 Loss: 17.038284
2023-06-25 18:37: Train Epoch 105: 120/158 Loss: 16.875967
2023-06-25 18:38: Train Epoch 105: 140/158 Loss: 18.179026
2023-06-25 18:38: **********Train Epoch 105: averaged Loss: 18.269446
2023-06-25 18:38: **********Val Epoch 105: average Loss: 19.749063
2023-06-25 18:38: Train Epoch 106: 0/158 Loss: 16.230848
2023-06-25 18:39: Train Epoch 106: 20/158 Loss: 16.217993
2023-06-25 18:39: Train Epoch 106: 40/158 Loss: 19.429455
2023-06-25 18:39: Train Epoch 106: 60/158 Loss: 17.149410
2023-06-25 18:39: Train Epoch 106: 80/158 Loss: 17.977016
2023-06-25 18:40: Train Epoch 106: 100/158 Loss: 19.253817
2023-06-25 18:40: Train Epoch 106: 120/158 Loss: 17.737482
2023-06-25 18:40: Train Epoch 106: 140/158 Loss: 16.917887
2023-06-25 18:40: **********Train Epoch 106: averaged Loss: 18.273474
2023-06-25 18:41: **********Val Epoch 106: average Loss: 19.619141
2023-06-25 18:41: Train Epoch 107: 0/158 Loss: 18.733358
2023-06-25 18:41: Train Epoch 107: 20/158 Loss: 17.447891
2023-06-25 18:41: Train Epoch 107: 40/158 Loss: 18.091360
2023-06-25 18:42: Train Epoch 107: 60/158 Loss: 17.888802
2023-06-25 18:42: Train Epoch 107: 80/158 Loss: 18.322025
2023-06-25 18:42: Train Epoch 107: 100/158 Loss: 17.278431
2023-06-25 18:42: Train Epoch 107: 120/158 Loss: 17.959211
2023-06-25 18:43: Train Epoch 107: 140/158 Loss: 17.158800
2023-06-25 18:43: **********Train Epoch 107: averaged Loss: 18.276444
2023-06-25 18:43: **********Val Epoch 107: average Loss: 20.005868
2023-06-25 18:43: Train Epoch 108: 0/158 Loss: 18.630802
2023-06-25 18:43: Train Epoch 108: 20/158 Loss: 17.078226
2023-06-25 18:44: Train Epoch 108: 40/158 Loss: 17.555029
2023-06-25 18:44: Train Epoch 108: 60/158 Loss: 19.319109
2023-06-25 18:44: Train Epoch 108: 80/158 Loss: 19.327053
2023-06-25 18:45: Train Epoch 108: 100/158 Loss: 17.969709
2023-06-25 18:45: Train Epoch 108: 120/158 Loss: 17.630754
2023-06-25 18:45: Train Epoch 108: 140/158 Loss: 19.228920
2023-06-25 18:45: **********Train Epoch 108: averaged Loss: 18.151249
2023-06-25 18:46: **********Val Epoch 108: average Loss: 19.730585
2023-06-25 18:46: Train Epoch 109: 0/158 Loss: 19.748888
2023-06-25 18:46: Train Epoch 109: 20/158 Loss: 17.974350
2023-06-25 18:46: Train Epoch 109: 40/158 Loss: 18.255022
2023-06-25 18:46: Train Epoch 109: 60/158 Loss: 18.602983
2023-06-25 18:47: Train Epoch 109: 80/158 Loss: 17.554451
2023-06-25 18:47: Train Epoch 109: 100/158 Loss: 18.247490
2023-06-25 18:47: Train Epoch 109: 120/158 Loss: 16.482361
2023-06-25 18:48: Train Epoch 109: 140/158 Loss: 17.061573
2023-06-25 18:48: **********Train Epoch 109: averaged Loss: 18.301028
2023-06-25 18:48: **********Val Epoch 109: average Loss: 19.670990
2023-06-25 18:48: Train Epoch 110: 0/158 Loss: 18.710039
2023-06-25 18:48: Train Epoch 110: 20/158 Loss: 18.166340
2023-06-25 18:49: Train Epoch 110: 40/158 Loss: 17.667873
2023-06-25 18:49: Train Epoch 110: 60/158 Loss: 18.485233
2023-06-25 18:49: Train Epoch 110: 80/158 Loss: 15.068841
2023-06-25 18:49: Train Epoch 110: 100/158 Loss: 18.742729
2023-06-25 18:50: Train Epoch 110: 120/158 Loss: 19.138208
2023-06-25 18:50: Train Epoch 110: 140/158 Loss: 18.756124
2023-06-25 18:50: **********Train Epoch 110: averaged Loss: 18.140363
2023-06-25 18:51: **********Val Epoch 110: average Loss: 19.537828
2023-06-25 18:51: Train Epoch 111: 0/158 Loss: 17.808720
2023-06-25 18:51: Train Epoch 111: 20/158 Loss: 16.876774
2023-06-25 18:51: Train Epoch 111: 40/158 Loss: 20.669296
2023-06-25 18:51: Train Epoch 111: 60/158 Loss: 19.689756
2023-06-25 18:52: Train Epoch 111: 80/158 Loss: 19.105076
2023-06-25 18:52: Train Epoch 111: 100/158 Loss: 18.758356
2023-06-25 18:52: Train Epoch 111: 120/158 Loss: 18.105944
2023-06-25 18:53: Train Epoch 111: 140/158 Loss: 19.496866
2023-06-25 18:53: **********Train Epoch 111: averaged Loss: 18.205394
2023-06-25 18:53: **********Val Epoch 111: average Loss: 19.709927
2023-06-25 18:53: Train Epoch 112: 0/158 Loss: 17.696386
2023-06-25 18:53: Train Epoch 112: 20/158 Loss: 18.136263
2023-06-25 18:54: Train Epoch 112: 40/158 Loss: 17.960424
2023-06-25 18:54: Train Epoch 112: 60/158 Loss: 19.347614
2023-06-25 18:54: Train Epoch 112: 80/158 Loss: 18.515543
2023-06-25 18:55: Train Epoch 112: 100/158 Loss: 18.254284
2023-06-25 18:55: Train Epoch 112: 120/158 Loss: 18.105631
2023-06-25 18:55: Train Epoch 112: 140/158 Loss: 19.566406
2023-06-25 18:55: **********Train Epoch 112: averaged Loss: 18.127295
2023-06-25 18:56: **********Val Epoch 112: average Loss: 19.656547
2023-06-25 18:56: Train Epoch 113: 0/158 Loss: 17.524963
2023-06-25 18:56: Train Epoch 113: 20/158 Loss: 18.099579
2023-06-25 18:56: Train Epoch 113: 40/158 Loss: 17.459641
2023-06-25 18:56: Train Epoch 113: 60/158 Loss: 16.942722
2023-06-25 18:57: Train Epoch 113: 80/158 Loss: 19.072285
2023-06-25 18:57: Train Epoch 113: 100/158 Loss: 18.035486
2023-06-25 18:57: Train Epoch 113: 120/158 Loss: 18.814505
2023-06-25 18:58: Train Epoch 113: 140/158 Loss: 17.462021
2023-06-25 18:58: **********Train Epoch 113: averaged Loss: 18.116532
2023-06-25 18:58: **********Val Epoch 113: average Loss: 19.630557
2023-06-25 18:58: Train Epoch 114: 0/158 Loss: 18.050884
2023-06-25 18:58: Train Epoch 114: 20/158 Loss: 19.339188
2023-06-25 18:59: Train Epoch 114: 40/158 Loss: 16.905256
2023-06-25 18:59: Train Epoch 114: 60/158 Loss: 17.823599
2023-06-25 18:59: Train Epoch 114: 80/158 Loss: 19.911566
2023-06-25 18:59: Train Epoch 114: 100/158 Loss: 18.333681
2023-06-25 19:00: Train Epoch 114: 120/158 Loss: 17.196089
2023-06-25 19:00: Train Epoch 114: 140/158 Loss: 17.235760
2023-06-25 19:00: **********Train Epoch 114: averaged Loss: 18.312587
2023-06-25 19:00: **********Val Epoch 114: average Loss: 19.504999
2023-06-25 19:00: Train Epoch 115: 0/158 Loss: 19.312529
2023-06-25 19:01: Train Epoch 115: 20/158 Loss: 18.852146
2023-06-25 19:01: Train Epoch 115: 40/158 Loss: 19.112803
2023-06-25 19:01: Train Epoch 115: 60/158 Loss: 17.179611
2023-06-25 19:02: Train Epoch 115: 80/158 Loss: 18.185299
2023-06-25 19:02: Train Epoch 115: 100/158 Loss: 19.536282
2023-06-25 19:02: Train Epoch 115: 120/158 Loss: 19.110275
2023-06-25 19:02: Train Epoch 115: 140/158 Loss: 17.246838
2023-06-25 19:03: **********Train Epoch 115: averaged Loss: 18.221547
2023-06-25 19:03: **********Val Epoch 115: average Loss: 19.602718
2023-06-25 19:03: Train Epoch 116: 0/158 Loss: 16.917856
2023-06-25 19:03: Train Epoch 116: 20/158 Loss: 17.986450
2023-06-25 19:03: Train Epoch 116: 40/158 Loss: 18.303261
2023-06-25 19:04: Train Epoch 116: 60/158 Loss: 17.940342
2023-06-25 19:04: Train Epoch 116: 80/158 Loss: 18.761265
2023-06-25 19:04: Train Epoch 116: 100/158 Loss: 18.988363
2023-06-25 19:05: Train Epoch 116: 120/158 Loss: 19.975323
2023-06-25 19:05: Train Epoch 116: 140/158 Loss: 17.702980
2023-06-25 19:05: **********Train Epoch 116: averaged Loss: 18.247150
2023-06-25 19:05: **********Val Epoch 116: average Loss: 19.836360
2023-06-25 19:05: Train Epoch 117: 0/158 Loss: 19.454298
2023-06-25 19:06: Train Epoch 117: 20/158 Loss: 17.743687
2023-06-25 19:06: Train Epoch 117: 40/158 Loss: 17.038115
2023-06-25 19:06: Train Epoch 117: 60/158 Loss: 19.757156
2023-06-25 19:07: Train Epoch 117: 80/158 Loss: 18.216097
2023-06-25 19:07: Train Epoch 117: 100/158 Loss: 18.250845
2023-06-25 19:07: Train Epoch 117: 120/158 Loss: 16.974525
2023-06-25 19:07: Train Epoch 117: 140/158 Loss: 18.303411
2023-06-25 19:08: **********Train Epoch 117: averaged Loss: 18.079425
2023-06-25 19:08: **********Val Epoch 117: average Loss: 19.667806
2023-06-25 19:08: Train Epoch 118: 0/158 Loss: 18.230268
2023-06-25 19:08: Train Epoch 118: 20/158 Loss: 18.522135
2023-06-25 19:08: Train Epoch 118: 40/158 Loss: 19.347343
2023-06-25 19:09: Train Epoch 118: 60/158 Loss: 17.730928
2023-06-25 19:09: Train Epoch 118: 80/158 Loss: 19.330927
2023-06-25 19:09: Train Epoch 118: 100/158 Loss: 19.038107
2023-06-25 19:10: Train Epoch 118: 120/158 Loss: 16.718668
2023-06-25 19:10: Train Epoch 118: 140/158 Loss: 18.590523
2023-06-25 19:10: **********Train Epoch 118: averaged Loss: 18.099051
2023-06-25 19:10: **********Val Epoch 118: average Loss: 19.452273
2023-06-25 19:10: *********************************Current best model saved!
2023-06-25 19:10: Train Epoch 119: 0/158 Loss: 17.670303
2023-06-25 19:11: Train Epoch 119: 20/158 Loss: 18.009729
2023-06-25 19:11: Train Epoch 119: 40/158 Loss: 18.404211
2023-06-25 19:11: Train Epoch 119: 60/158 Loss: 17.108231
2023-06-25 19:11: Train Epoch 119: 80/158 Loss: 18.151165
2023-06-25 19:12: Train Epoch 119: 100/158 Loss: 18.588614
2023-06-25 19:12: Train Epoch 119: 120/158 Loss: 17.378597
2023-06-25 19:12: Train Epoch 119: 140/158 Loss: 17.375633
2023-06-25 19:12: **********Train Epoch 119: averaged Loss: 18.057177
2023-06-25 19:13: **********Val Epoch 119: average Loss: 19.496436
2023-06-25 19:13: Train Epoch 120: 0/158 Loss: 19.590427
2023-06-25 19:13: Train Epoch 120: 20/158 Loss: 19.012877
2023-06-25 19:13: Train Epoch 120: 40/158 Loss: 18.821850
2023-06-25 19:14: Train Epoch 120: 60/158 Loss: 18.462444
2023-06-25 19:14: Train Epoch 120: 80/158 Loss: 17.692476
2023-06-25 19:15: Train Epoch 120: 100/158 Loss: 18.640446
2023-06-25 19:15: Train Epoch 120: 120/158 Loss: 17.999119
2023-06-25 19:16: Train Epoch 120: 140/158 Loss: 17.334887
2023-06-25 19:16: **********Train Epoch 120: averaged Loss: 18.120966
2023-06-25 19:16: **********Val Epoch 120: average Loss: 19.316147
2023-06-25 19:16: *********************************Current best model saved!
2023-06-25 19:16: Train Epoch 121: 0/158 Loss: 18.383064
2023-06-25 19:17: Train Epoch 121: 20/158 Loss: 17.775787
2023-06-25 19:17: Train Epoch 121: 40/158 Loss: 16.560434
2023-06-25 19:18: Train Epoch 121: 60/158 Loss: 16.668261
2023-06-25 19:18: Train Epoch 121: 80/158 Loss: 17.815639
2023-06-25 19:19: Train Epoch 121: 100/158 Loss: 19.093084
2023-06-25 19:19: Train Epoch 121: 120/158 Loss: 18.588066
2023-06-25 19:20: Train Epoch 121: 140/158 Loss: 18.883743
2023-06-25 19:20: **********Train Epoch 121: averaged Loss: 18.188377
2023-06-25 19:20: **********Val Epoch 121: average Loss: 19.909894
2023-06-25 19:20: Train Epoch 122: 0/158 Loss: 18.116325
2023-06-25 19:21: Train Epoch 122: 20/158 Loss: 17.764959
2023-06-25 19:21: Train Epoch 122: 40/158 Loss: 16.625166
2023-06-25 19:22: Train Epoch 122: 60/158 Loss: 18.127514
2023-06-25 19:22: Train Epoch 122: 80/158 Loss: 18.124640
2023-06-25 19:23: Train Epoch 122: 100/158 Loss: 18.322302
2023-06-25 19:23: Train Epoch 122: 120/158 Loss: 19.255072
2023-06-25 19:24: Train Epoch 122: 140/158 Loss: 16.463297
2023-06-25 19:24: **********Train Epoch 122: averaged Loss: 18.133489
2023-06-25 19:24: **********Val Epoch 122: average Loss: 19.572457
2023-06-25 19:24: Train Epoch 123: 0/158 Loss: 19.045225
2023-06-25 19:25: Train Epoch 123: 20/158 Loss: 18.217342
2023-06-25 19:25: Train Epoch 123: 40/158 Loss: 18.431536
2023-06-25 19:25: Train Epoch 123: 60/158 Loss: 17.902241
2023-06-25 19:25: Train Epoch 123: 80/158 Loss: 19.386738
2023-06-25 19:26: Train Epoch 123: 100/158 Loss: 18.235470
2023-06-25 19:26: Train Epoch 123: 120/158 Loss: 19.218449
2023-06-25 19:26: Train Epoch 123: 140/158 Loss: 18.796545
2023-06-25 19:27: **********Train Epoch 123: averaged Loss: 18.056502
2023-06-25 19:27: **********Val Epoch 123: average Loss: 19.540458
2023-06-25 19:27: Train Epoch 124: 0/158 Loss: 17.442041
2023-06-25 19:27: Train Epoch 124: 20/158 Loss: 17.519741
2023-06-25 19:27: Train Epoch 124: 40/158 Loss: 17.874414
2023-06-25 19:28: Train Epoch 124: 60/158 Loss: 19.879253
2023-06-25 19:28: Train Epoch 124: 80/158 Loss: 17.796816
2023-06-25 19:28: Train Epoch 124: 100/158 Loss: 18.071692
2023-06-25 19:28: Train Epoch 124: 120/158 Loss: 17.613880
2023-06-25 19:29: Train Epoch 124: 140/158 Loss: 18.505390
2023-06-25 19:29: **********Train Epoch 124: averaged Loss: 18.070007
2023-06-25 19:29: **********Val Epoch 124: average Loss: 19.628642
2023-06-25 19:29: Train Epoch 125: 0/158 Loss: 17.245203
2023-06-25 19:30: Train Epoch 125: 20/158 Loss: 18.044718
2023-06-25 19:30: Train Epoch 125: 40/158 Loss: 18.740284
2023-06-25 19:30: Train Epoch 125: 60/158 Loss: 20.228611
2023-06-25 19:30: Train Epoch 125: 80/158 Loss: 17.588593
2023-06-25 19:31: Train Epoch 125: 100/158 Loss: 17.457138
2023-06-25 19:31: Train Epoch 125: 120/158 Loss: 19.263262
2023-06-25 19:31: Train Epoch 125: 140/158 Loss: 18.906244
2023-06-25 19:31: **********Train Epoch 125: averaged Loss: 18.028244
2023-06-25 19:32: **********Val Epoch 125: average Loss: 19.986000
2023-06-25 19:32: Train Epoch 126: 0/158 Loss: 19.060198
2023-06-25 19:32: Train Epoch 126: 20/158 Loss: 18.026369
2023-06-25 19:32: Train Epoch 126: 40/158 Loss: 17.881266
2023-06-25 19:33: Train Epoch 126: 60/158 Loss: 20.346451
2023-06-25 19:33: Train Epoch 126: 80/158 Loss: 16.855198
2023-06-25 19:33: Train Epoch 126: 100/158 Loss: 18.559210
2023-06-25 19:33: Train Epoch 126: 120/158 Loss: 19.121017
2023-06-25 19:34: Train Epoch 126: 140/158 Loss: 18.294664
2023-06-25 19:34: **********Train Epoch 126: averaged Loss: 18.194801
2023-06-25 19:34: **********Val Epoch 126: average Loss: 19.396760
2023-06-25 19:34: Train Epoch 127: 0/158 Loss: 17.591114
2023-06-25 19:34: Train Epoch 127: 20/158 Loss: 18.038034
2023-06-25 19:35: Train Epoch 127: 40/158 Loss: 17.163200
2023-06-25 19:35: Train Epoch 127: 60/158 Loss: 17.609064
2023-06-25 19:35: Train Epoch 127: 80/158 Loss: 18.588377
2023-06-25 19:36: Train Epoch 127: 100/158 Loss: 17.732384
2023-06-25 19:36: Train Epoch 127: 120/158 Loss: 17.799423
2023-06-25 19:36: Train Epoch 127: 140/158 Loss: 18.944071
2023-06-25 19:36: **********Train Epoch 127: averaged Loss: 18.016904
2023-06-25 19:37: **********Val Epoch 127: average Loss: 19.664404
2023-06-25 19:37: Train Epoch 128: 0/158 Loss: 18.460852
2023-06-25 19:37: Train Epoch 128: 20/158 Loss: 17.600187
2023-06-25 19:37: Train Epoch 128: 40/158 Loss: 17.037468
2023-06-25 19:37: Train Epoch 128: 60/158 Loss: 18.293533
2023-06-25 19:38: Train Epoch 128: 80/158 Loss: 18.717680
2023-06-25 19:38: Train Epoch 128: 100/158 Loss: 17.572306
2023-06-25 19:38: Train Epoch 128: 120/158 Loss: 17.627565
2023-06-25 19:39: Train Epoch 128: 140/158 Loss: 17.522320
2023-06-25 19:39: **********Train Epoch 128: averaged Loss: 17.963416
2023-06-25 19:39: **********Val Epoch 128: average Loss: 19.588648
2023-06-25 19:39: Train Epoch 129: 0/158 Loss: 19.027206
2023-06-25 19:39: Train Epoch 129: 20/158 Loss: 18.490835
2023-06-25 19:40: Train Epoch 129: 40/158 Loss: 18.716438
2023-06-25 19:40: Train Epoch 129: 60/158 Loss: 16.504099
2023-06-25 19:40: Train Epoch 129: 80/158 Loss: 18.094744
2023-06-25 19:41: Train Epoch 129: 100/158 Loss: 21.149305
2023-06-25 19:41: Train Epoch 129: 120/158 Loss: 18.729366
2023-06-25 19:41: Train Epoch 129: 140/158 Loss: 17.860666
2023-06-25 19:41: **********Train Epoch 129: averaged Loss: 18.081551
2023-06-25 19:42: **********Val Epoch 129: average Loss: 19.459838
2023-06-25 19:42: Train Epoch 130: 0/158 Loss: 17.880367
2023-06-25 19:42: Train Epoch 130: 20/158 Loss: 17.937464
2023-06-25 19:42: Train Epoch 130: 40/158 Loss: 18.109941
2023-06-25 19:42: Train Epoch 130: 60/158 Loss: 17.730536
2023-06-25 19:43: Train Epoch 130: 80/158 Loss: 18.747471
2023-06-25 19:43: Train Epoch 130: 100/158 Loss: 19.628542
2023-06-25 19:43: Train Epoch 130: 120/158 Loss: 16.985386
2023-06-25 19:44: Train Epoch 130: 140/158 Loss: 18.883205
2023-06-25 19:44: **********Train Epoch 130: averaged Loss: 18.057710
2023-06-25 19:44: **********Val Epoch 130: average Loss: 19.701907
2023-06-25 19:44: Train Epoch 131: 0/158 Loss: 18.196955
2023-06-25 19:44: Train Epoch 131: 20/158 Loss: 16.033251
2023-06-25 19:45: Train Epoch 131: 40/158 Loss: 18.285402
2023-06-25 19:45: Train Epoch 131: 60/158 Loss: 16.919624
2023-06-25 19:45: Train Epoch 131: 80/158 Loss: 17.403107
2023-06-25 19:45: Train Epoch 131: 100/158 Loss: 20.007011
2023-06-25 19:46: Train Epoch 131: 120/158 Loss: 18.603203
2023-06-25 19:46: Train Epoch 131: 140/158 Loss: 19.057085
2023-06-25 19:46: **********Train Epoch 131: averaged Loss: 17.950948
2023-06-25 19:46: **********Val Epoch 131: average Loss: 19.731930
2023-06-25 19:46: Train Epoch 132: 0/158 Loss: 19.207436
2023-06-25 19:47: Train Epoch 132: 20/158 Loss: 18.122921
2023-06-25 19:47: Train Epoch 132: 40/158 Loss: 17.352423
2023-06-25 19:47: Train Epoch 132: 60/158 Loss: 15.378994
2023-06-25 19:48: Train Epoch 132: 80/158 Loss: 17.648773
2023-06-25 19:48: Train Epoch 132: 100/158 Loss: 16.159096
2023-06-25 19:48: Train Epoch 132: 120/158 Loss: 17.404470
2023-06-25 19:48: Train Epoch 132: 140/158 Loss: 18.478777
2023-06-25 19:49: **********Train Epoch 132: averaged Loss: 18.033337
2023-06-25 19:49: **********Val Epoch 132: average Loss: 19.337248
2023-06-25 19:49: Train Epoch 133: 0/158 Loss: 18.377092
2023-06-25 19:49: Train Epoch 133: 20/158 Loss: 17.001020
2023-06-25 19:50: Train Epoch 133: 40/158 Loss: 19.050966
2023-06-25 19:50: Train Epoch 133: 60/158 Loss: 18.202059
2023-06-25 19:50: Train Epoch 133: 80/158 Loss: 19.629824
2023-06-25 19:50: Train Epoch 133: 100/158 Loss: 18.823181
2023-06-25 19:51: Train Epoch 133: 120/158 Loss: 19.670784
2023-06-25 19:51: Train Epoch 133: 140/158 Loss: 17.266029
2023-06-25 19:51: **********Train Epoch 133: averaged Loss: 18.056053
2023-06-25 19:51: **********Val Epoch 133: average Loss: 19.371039
2023-06-25 19:51: Train Epoch 134: 0/158 Loss: 18.171394
2023-06-25 19:52: Train Epoch 134: 20/158 Loss: 17.444712
2023-06-25 19:52: Train Epoch 134: 40/158 Loss: 17.836575
2023-06-25 19:52: Train Epoch 134: 60/158 Loss: 16.798815
2023-06-25 19:53: Train Epoch 134: 80/158 Loss: 17.253481
2023-06-25 19:53: Train Epoch 134: 100/158 Loss: 18.655005
2023-06-25 19:53: Train Epoch 134: 120/158 Loss: 16.331537
2023-06-25 19:53: Train Epoch 134: 140/158 Loss: 17.073608
2023-06-25 19:54: **********Train Epoch 134: averaged Loss: 17.939829
2023-06-25 19:54: **********Val Epoch 134: average Loss: 19.454184
2023-06-25 19:54: Train Epoch 135: 0/158 Loss: 18.169233
2023-06-25 19:54: Train Epoch 135: 20/158 Loss: 18.246159
2023-06-25 19:54: Train Epoch 135: 40/158 Loss: 19.234858
2023-06-25 19:55: Train Epoch 135: 60/158 Loss: 19.100792
2023-06-25 19:55: Train Epoch 135: 80/158 Loss: 16.846546
2023-06-25 19:55: Train Epoch 135: 100/158 Loss: 17.507015
2023-06-25 19:56: Train Epoch 135: 120/158 Loss: 18.342226
2023-06-25 19:56: Train Epoch 135: 140/158 Loss: 18.858706
2023-06-25 19:56: **********Train Epoch 135: averaged Loss: 18.048068
2023-06-25 19:56: **********Val Epoch 135: average Loss: 19.618950
2023-06-25 19:56: Train Epoch 136: 0/158 Loss: 17.564840
2023-06-25 19:57: Train Epoch 136: 20/158 Loss: 18.285641
2023-06-25 19:57: Train Epoch 136: 40/158 Loss: 18.167303
2023-06-25 19:57: Train Epoch 136: 60/158 Loss: 18.407047
2023-06-25 19:58: Train Epoch 136: 80/158 Loss: 18.585539
2023-06-25 19:58: Train Epoch 136: 100/158 Loss: 18.679493
2023-06-25 19:58: Train Epoch 136: 120/158 Loss: 19.372057
2023-06-25 19:58: Train Epoch 136: 140/158 Loss: 17.504301
2023-06-25 19:59: **********Train Epoch 136: averaged Loss: 17.955095
2023-06-25 19:59: **********Val Epoch 136: average Loss: 19.549186
2023-06-25 19:59: Train Epoch 137: 0/158 Loss: 17.395100
2023-06-25 19:59: Train Epoch 137: 20/158 Loss: 17.402296
2023-06-25 19:59: Train Epoch 137: 40/158 Loss: 17.614027
2023-06-25 20:00: Train Epoch 137: 60/158 Loss: 18.099365
2023-06-25 20:00: Train Epoch 137: 80/158 Loss: 15.585410
2023-06-25 20:00: Train Epoch 137: 100/158 Loss: 18.811985
2023-06-25 20:01: Train Epoch 137: 120/158 Loss: 18.980894
2023-06-25 20:01: Train Epoch 137: 140/158 Loss: 18.433229
2023-06-25 20:01: **********Train Epoch 137: averaged Loss: 18.032394
2023-06-25 20:01: **********Val Epoch 137: average Loss: 19.532465
2023-06-25 20:01: Train Epoch 138: 0/158 Loss: 16.742413
2023-06-25 20:02: Train Epoch 138: 20/158 Loss: 17.759216
2023-06-25 20:02: Train Epoch 138: 40/158 Loss: 17.897072
2023-06-25 20:02: Train Epoch 138: 60/158 Loss: 16.375481
2023-06-25 20:02: Train Epoch 138: 80/158 Loss: 19.212542
2023-06-25 20:03: Train Epoch 138: 100/158 Loss: 17.344393
2023-06-25 20:03: Train Epoch 138: 120/158 Loss: 17.980879
2023-06-25 20:03: Train Epoch 138: 140/158 Loss: 17.602776
2023-06-25 20:04: **********Train Epoch 138: averaged Loss: 17.925075
2023-06-25 20:04: **********Val Epoch 138: average Loss: 19.581217
2023-06-25 20:04: Train Epoch 139: 0/158 Loss: 18.509150
2023-06-25 20:04: Train Epoch 139: 20/158 Loss: 18.201721
2023-06-25 20:04: Train Epoch 139: 40/158 Loss: 18.635445
2023-06-25 20:05: Train Epoch 139: 60/158 Loss: 17.281248
2023-06-25 20:05: Train Epoch 139: 80/158 Loss: 17.496494
2023-06-25 20:05: Train Epoch 139: 100/158 Loss: 18.238121
2023-06-25 20:06: Train Epoch 139: 120/158 Loss: 15.381942
2023-06-25 20:06: Train Epoch 139: 140/158 Loss: 17.954771
2023-06-25 20:06: **********Train Epoch 139: averaged Loss: 17.966951
2023-06-25 20:06: **********Val Epoch 139: average Loss: 19.433583
2023-06-25 20:06: Train Epoch 140: 0/158 Loss: 17.141214
2023-06-25 20:07: Train Epoch 140: 20/158 Loss: 18.191360
2023-06-25 20:07: Train Epoch 140: 40/158 Loss: 20.001078
2023-06-25 20:07: Train Epoch 140: 60/158 Loss: 15.685256
2023-06-25 20:07: Train Epoch 140: 80/158 Loss: 18.776577
2023-06-25 20:08: Train Epoch 140: 100/158 Loss: 18.803005
2023-06-25 20:08: Train Epoch 140: 120/158 Loss: 16.939459
2023-06-25 20:08: Train Epoch 140: 140/158 Loss: 18.753325
2023-06-25 20:09: **********Train Epoch 140: averaged Loss: 17.967255
2023-06-25 20:09: **********Val Epoch 140: average Loss: 19.445713
2023-06-25 20:09: Train Epoch 141: 0/158 Loss: 18.217678
2023-06-25 20:09: Train Epoch 141: 20/158 Loss: 19.168814
2023-06-25 20:09: Train Epoch 141: 40/158 Loss: 18.325726
2023-06-25 20:10: Train Epoch 141: 60/158 Loss: 18.048029
2023-06-25 20:10: Train Epoch 141: 80/158 Loss: 17.948366
2023-06-25 20:10: Train Epoch 141: 100/158 Loss: 16.859051
2023-06-25 20:11: Train Epoch 141: 120/158 Loss: 16.800198
2023-06-25 20:11: Train Epoch 141: 140/158 Loss: 17.717108
2023-06-25 20:11: **********Train Epoch 141: averaged Loss: 17.902825
2023-06-25 20:11: **********Val Epoch 141: average Loss: 19.379165
2023-06-25 20:11: Train Epoch 142: 0/158 Loss: 16.677299
2023-06-25 20:12: Train Epoch 142: 20/158 Loss: 17.134701
2023-06-25 20:12: Train Epoch 142: 40/158 Loss: 17.620466
2023-06-25 20:12: Train Epoch 142: 60/158 Loss: 18.568794
2023-06-25 20:12: Train Epoch 142: 80/158 Loss: 18.194920
2023-06-25 20:13: Train Epoch 142: 100/158 Loss: 16.910023
2023-06-25 20:13: Train Epoch 142: 120/158 Loss: 17.872850
2023-06-25 20:13: Train Epoch 142: 140/158 Loss: 17.578249
2023-06-25 20:14: **********Train Epoch 142: averaged Loss: 17.966296
2023-06-25 20:14: **********Val Epoch 142: average Loss: 19.544239
2023-06-25 20:14: Train Epoch 143: 0/158 Loss: 17.326288
2023-06-25 20:14: Train Epoch 143: 20/158 Loss: 17.148752
2023-06-25 20:14: Train Epoch 143: 40/158 Loss: 18.863783
2023-06-25 20:15: Train Epoch 143: 60/158 Loss: 17.408789
2023-06-25 20:15: Train Epoch 143: 80/158 Loss: 18.075624
2023-06-25 20:15: Train Epoch 143: 100/158 Loss: 16.041473
2023-06-25 20:15: Train Epoch 143: 120/158 Loss: 18.455700
2023-06-25 20:16: Train Epoch 143: 140/158 Loss: 17.504826
2023-06-25 20:16: **********Train Epoch 143: averaged Loss: 17.941130
2023-06-25 20:16: **********Val Epoch 143: average Loss: 19.797458
2023-06-25 20:16: Train Epoch 144: 0/158 Loss: 18.418846
2023-06-25 20:17: Train Epoch 144: 20/158 Loss: 17.635910
2023-06-25 20:17: Train Epoch 144: 40/158 Loss: 17.888002
2023-06-25 20:17: Train Epoch 144: 60/158 Loss: 19.130119
2023-06-25 20:17: Train Epoch 144: 80/158 Loss: 18.526991
2023-06-25 20:18: Train Epoch 144: 100/158 Loss: 17.022800
2023-06-25 20:18: Train Epoch 144: 120/158 Loss: 18.700880
2023-06-25 20:18: Train Epoch 144: 140/158 Loss: 18.655355
2023-06-25 20:18: **********Train Epoch 144: averaged Loss: 17.903933
2023-06-25 20:19: **********Val Epoch 144: average Loss: 19.332027
2023-06-25 20:19: Train Epoch 145: 0/158 Loss: 17.169159
2023-06-25 20:19: Train Epoch 145: 20/158 Loss: 17.758224
2023-06-25 20:19: Train Epoch 145: 40/158 Loss: 17.229237
2023-06-25 20:20: Train Epoch 145: 60/158 Loss: 18.851496
2023-06-25 20:20: Train Epoch 145: 80/158 Loss: 17.395393
2023-06-25 20:20: Train Epoch 145: 100/158 Loss: 17.688274
2023-06-25 20:20: Train Epoch 145: 120/158 Loss: 15.334840
2023-06-25 20:21: Train Epoch 145: 140/158 Loss: 16.683334
2023-06-25 20:21: **********Train Epoch 145: averaged Loss: 17.899629
2023-06-25 20:21: **********Val Epoch 145: average Loss: 19.500081
2023-06-25 20:21: Validation performance didn't improve for 25 epochs. Training stops.
2023-06-25 20:21: Total training time: 361.9429min, best loss: 19.316147
2023-06-25 20:21: Saving current best model to ../runs/PEMS04/06-25-14h19m_PEMS04_gode_rnn__embed{10}hid{128}hidhid{128}lyrs{3}lr{0.001}wd{0.001}/best_model.pth
2023-06-25 20:22: Horizon 01, MAE: 17.10, RMSE: 27.55, MAPE: 11.1897%
2023-06-25 20:22: Horizon 02, MAE: 17.90, RMSE: 28.77, MAPE: 11.6857%
2023-06-25 20:22: Horizon 03, MAE: 18.37, RMSE: 29.56, MAPE: 12.1518%
2023-06-25 20:22: Horizon 04, MAE: 18.63, RMSE: 30.06, MAPE: 12.2228%
2023-06-25 20:22: Horizon 05, MAE: 18.88, RMSE: 30.47, MAPE: 12.4950%
2023-06-25 20:22: Horizon 06, MAE: 19.10, RMSE: 30.93, MAPE: 12.6969%
2023-06-25 20:22: Horizon 07, MAE: 19.38, RMSE: 31.38, MAPE: 12.7464%
2023-06-25 20:22: Horizon 08, MAE: 19.67, RMSE: 31.75, MAPE: 12.9056%
2023-06-25 20:22: Horizon 09, MAE: 19.87, RMSE: 32.05, MAPE: 13.0501%
2023-06-25 20:22: Horizon 10, MAE: 20.04, RMSE: 32.36, MAPE: 13.2126%
2023-06-25 20:22: Horizon 11, MAE: 20.31, RMSE: 32.73, MAPE: 13.3712%
2023-06-25 20:22: Horizon 12, MAE: 20.82, RMSE: 33.34, MAPE: 13.6003%
2023-06-25 20:22: Average Horizon, MAE: 19.17, RMSE: 30.96, MAPE: 12.7472%
